===2023-05-23 00:05:21.958 INFO  com.zaxxer.hikari.HikariDataSource Line:350 - HikariPool-1 - Shutdown initiated...
===2023-05-23 00:05:21.968 INFO  com.zaxxer.hikari.HikariDataSource Line:352 - HikariPool-1 - Shutdown completed.
===2023-05-23 00:05:47.667 INFO  org.springframework.context.support.PostProcessorRegistrationDelegate$BeanPostProcessorChecker Line:376 - Bean 'shiroConfig' of type [com.exia.nocvsystem.config.ShiroConfig$$EnhancerBySpringCGLIB$$53a600df] is not eligible for getting processed by all BeanPostProcessors (for example: not eligible for auto-proxying)
===2023-05-23 00:05:47.770 INFO  org.springframework.context.support.PostProcessorRegistrationDelegate$BeanPostProcessorChecker Line:376 - Bean 'mybatis-plus-com.baomidou.mybatisplus.autoconfigure.MybatisPlusProperties' of type [com.baomidou.mybatisplus.autoconfigure.MybatisPlusProperties] is not eligible for getting processed by all BeanPostProcessors (for example: not eligible for auto-proxying)
===2023-05-23 00:05:47.775 INFO  org.springframework.context.support.PostProcessorRegistrationDelegate$BeanPostProcessorChecker Line:376 - Bean 'mybatisPlusConfig' of type [com.exia.nocvsystem.config.MybatisPlusConfig$$EnhancerBySpringCGLIB$$2ffa48bb] is not eligible for getting processed by all BeanPostProcessors (for example: not eligible for auto-proxying)
===2023-05-23 00:05:47.785 INFO  org.springframework.context.support.PostProcessorRegistrationDelegate$BeanPostProcessorChecker Line:376 - Bean 'mybatisPlusInterceptor' of type [com.baomidou.mybatisplus.extension.plugins.MybatisPlusInterceptor] is not eligible for getting processed by all BeanPostProcessors (for example: not eligible for auto-proxying)
===2023-05-23 00:05:47.794 INFO  org.springframework.context.support.PostProcessorRegistrationDelegate$BeanPostProcessorChecker Line:376 - Bean 'com.baomidou.mybatisplus.autoconfigure.MybatisPlusAutoConfiguration' of type [com.baomidou.mybatisplus.autoconfigure.MybatisPlusAutoConfiguration$$EnhancerBySpringCGLIB$$86a73e38] is not eligible for getting processed by all BeanPostProcessors (for example: not eligible for auto-proxying)
===2023-05-23 00:05:47.796 INFO  org.springframework.context.support.PostProcessorRegistrationDelegate$BeanPostProcessorChecker Line:376 - Bean 'org.springframework.boot.autoconfigure.jdbc.DataSourceConfiguration$Hikari' of type [org.springframework.boot.autoconfigure.jdbc.DataSourceConfiguration$Hikari] is not eligible for getting processed by all BeanPostProcessors (for example: not eligible for auto-proxying)
===2023-05-23 00:05:47.808 INFO  org.springframework.context.support.PostProcessorRegistrationDelegate$BeanPostProcessorChecker Line:376 - Bean 'spring.datasource-org.springframework.boot.autoconfigure.jdbc.DataSourceProperties' of type [org.springframework.boot.autoconfigure.jdbc.DataSourceProperties] is not eligible for getting processed by all BeanPostProcessors (for example: not eligible for auto-proxying)
===2023-05-23 00:05:47.837 INFO  org.springframework.context.support.PostProcessorRegistrationDelegate$BeanPostProcessorChecker Line:376 - Bean 'dataSource' of type [com.zaxxer.hikari.HikariDataSource] is not eligible for getting processed by all BeanPostProcessors (for example: not eligible for auto-proxying)
===2023-05-23 00:05:49.031 INFO  org.springframework.context.support.PostProcessorRegistrationDelegate$BeanPostProcessorChecker Line:376 - Bean 'sqlSessionFactory' of type [org.apache.ibatis.session.defaults.DefaultSqlSessionFactory] is not eligible for getting processed by all BeanPostProcessors (for example: not eligible for auto-proxying)
===2023-05-23 00:05:49.040 INFO  org.springframework.context.support.PostProcessorRegistrationDelegate$BeanPostProcessorChecker Line:376 - Bean 'sqlSessionTemplate' of type [org.mybatis.spring.SqlSessionTemplate] is not eligible for getting processed by all BeanPostProcessors (for example: not eligible for auto-proxying)
===2023-05-23 00:05:49.358 INFO  org.springframework.context.support.PostProcessorRegistrationDelegate$BeanPostProcessorChecker Line:376 - Bean 'loginMapper' of type [org.mybatis.spring.mapper.MapperFactoryBean] is not eligible for getting processed by all BeanPostProcessors (for example: not eligible for auto-proxying)
===2023-05-23 00:05:49.363 INFO  org.springframework.context.support.PostProcessorRegistrationDelegate$BeanPostProcessorChecker Line:376 - Bean 'loginMapper' of type [com.sun.proxy.$Proxy69] is not eligible for getting processed by all BeanPostProcessors (for example: not eligible for auto-proxying)
===2023-05-23 00:05:49.367 INFO  org.springframework.context.support.PostProcessorRegistrationDelegate$BeanPostProcessorChecker Line:376 - Bean 'loginServiceImpl' of type [com.exia.nocvsystem.service.LoginServiceImpl] is not eligible for getting processed by all BeanPostProcessors (for example: not eligible for auto-proxying)
===2023-05-23 00:05:49.368 INFO  org.springframework.context.support.PostProcessorRegistrationDelegate$BeanPostProcessorChecker Line:376 - Bean 'userRealm' of type [com.exia.nocvsystem.realm.UserRealm] is not eligible for getting processed by all BeanPostProcessors (for example: not eligible for auto-proxying)
===2023-05-23 00:05:50.471 INFO  org.springframework.context.support.PostProcessorRegistrationDelegate$BeanPostProcessorChecker Line:376 - Bean 'securityManager' of type [org.apache.shiro.web.mgt.DefaultWebSecurityManager] is not eligible for getting processed by all BeanPostProcessors (for example: not eligible for auto-proxying)
===2023-05-23 00:05:50.527 INFO  org.springframework.context.support.PostProcessorRegistrationDelegate$BeanPostProcessorChecker Line:376 - Bean 'authorizationAttributeSourceAdvisor' of type [org.apache.shiro.spring.security.interceptor.AuthorizationAttributeSourceAdvisor] is not eligible for getting processed by all BeanPostProcessors (for example: not eligible for auto-proxying)
===2023-05-23 00:05:50.849 INFO  org.springframework.boot.web.embedded.tomcat.TomcatWebServer Line:108 - Tomcat initialized with port(s): 8080 (http)
===2023-05-23 00:05:50.917 INFO  org.apache.coyote.http11.Http11NioProtocol Line:173 - Initializing ProtocolHandler ["http-nio-8080"]
===2023-05-23 00:05:50.918 INFO  org.apache.catalina.core.StandardService Line:173 - Starting service [Tomcat]
===2023-05-23 00:05:50.918 INFO  org.apache.catalina.core.StandardEngine Line:173 - Starting Servlet engine: [Apache Tomcat/9.0.70]
===2023-05-23 00:05:51.351 INFO  org.apache.catalina.core.ContainerBase.[Tomcat].[localhost].[/] Line:173 - Initializing Spring embedded WebApplicationContext
===2023-05-23 00:05:51.352 INFO  org.springframework.boot.web.servlet.context.ServletWebServerApplicationContext Line:292 - Root WebApplicationContext: initialization completed in 5089 ms
===2023-05-23 00:05:51.674 WARN  com.baomidou.mybatisplus.core.metadata.TableInfoHelper Line:327 - Can not find table primary key in Class: "com.exia.nocvsystem.entity.NocvGlobalData".
===2023-05-23 00:05:53.008 INFO  org.springframework.boot.autoconfigure.web.servlet.WelcomePageHandlerMapping Line:57  - Adding welcome page template: index
===2023-05-23 00:05:53.468 INFO  org.apache.coyote.http11.Http11NioProtocol Line:173 - Starting ProtocolHandler ["http-nio-8080"]
===2023-05-23 00:05:53.499 INFO  org.springframework.boot.web.embedded.tomcat.TomcatWebServer Line:220 - Tomcat started on port(s): 8080 (http) with context path ''
===2023-05-23 00:05:54.578 INFO  com.zaxxer.hikari.HikariDataSource Line:110 - HikariPool-1 - Starting...
===2023-05-23 00:05:54.791 INFO  com.zaxxer.hikari.HikariDataSource Line:123 - HikariPool-1 - Start completed.
===2023-05-23 00:06:22.288 INFO  com.zaxxer.hikari.HikariDataSource Line:350 - HikariPool-1 - Shutdown initiated...
===2023-05-23 00:06:22.296 INFO  com.zaxxer.hikari.HikariDataSource Line:352 - HikariPool-1 - Shutdown completed.
===2023-05-23 00:06:29.665 INFO  org.springframework.context.support.PostProcessorRegistrationDelegate$BeanPostProcessorChecker Line:376 - Bean 'shiroConfig' of type [com.exia.nocvsystem.config.ShiroConfig$$EnhancerBySpringCGLIB$$53a600df] is not eligible for getting processed by all BeanPostProcessors (for example: not eligible for auto-proxying)
===2023-05-23 00:06:29.773 INFO  org.springframework.context.support.PostProcessorRegistrationDelegate$BeanPostProcessorChecker Line:376 - Bean 'mybatis-plus-com.baomidou.mybatisplus.autoconfigure.MybatisPlusProperties' of type [com.baomidou.mybatisplus.autoconfigure.MybatisPlusProperties] is not eligible for getting processed by all BeanPostProcessors (for example: not eligible for auto-proxying)
===2023-05-23 00:06:29.776 INFO  org.springframework.context.support.PostProcessorRegistrationDelegate$BeanPostProcessorChecker Line:376 - Bean 'mybatisPlusConfig' of type [com.exia.nocvsystem.config.MybatisPlusConfig$$EnhancerBySpringCGLIB$$2ffa48bb] is not eligible for getting processed by all BeanPostProcessors (for example: not eligible for auto-proxying)
===2023-05-23 00:06:29.784 INFO  org.springframework.context.support.PostProcessorRegistrationDelegate$BeanPostProcessorChecker Line:376 - Bean 'mybatisPlusInterceptor' of type [com.baomidou.mybatisplus.extension.plugins.MybatisPlusInterceptor] is not eligible for getting processed by all BeanPostProcessors (for example: not eligible for auto-proxying)
===2023-05-23 00:06:29.791 INFO  org.springframework.context.support.PostProcessorRegistrationDelegate$BeanPostProcessorChecker Line:376 - Bean 'com.baomidou.mybatisplus.autoconfigure.MybatisPlusAutoConfiguration' of type [com.baomidou.mybatisplus.autoconfigure.MybatisPlusAutoConfiguration$$EnhancerBySpringCGLIB$$86a73e38] is not eligible for getting processed by all BeanPostProcessors (for example: not eligible for auto-proxying)
===2023-05-23 00:06:29.792 INFO  org.springframework.context.support.PostProcessorRegistrationDelegate$BeanPostProcessorChecker Line:376 - Bean 'org.springframework.boot.autoconfigure.jdbc.DataSourceConfiguration$Hikari' of type [org.springframework.boot.autoconfigure.jdbc.DataSourceConfiguration$Hikari] is not eligible for getting processed by all BeanPostProcessors (for example: not eligible for auto-proxying)
===2023-05-23 00:06:29.801 INFO  org.springframework.context.support.PostProcessorRegistrationDelegate$BeanPostProcessorChecker Line:376 - Bean 'spring.datasource-org.springframework.boot.autoconfigure.jdbc.DataSourceProperties' of type [org.springframework.boot.autoconfigure.jdbc.DataSourceProperties] is not eligible for getting processed by all BeanPostProcessors (for example: not eligible for auto-proxying)
===2023-05-23 00:06:29.820 INFO  org.springframework.context.support.PostProcessorRegistrationDelegate$BeanPostProcessorChecker Line:376 - Bean 'dataSource' of type [com.zaxxer.hikari.HikariDataSource] is not eligible for getting processed by all BeanPostProcessors (for example: not eligible for auto-proxying)
===2023-05-23 00:06:30.793 INFO  org.springframework.context.support.PostProcessorRegistrationDelegate$BeanPostProcessorChecker Line:376 - Bean 'sqlSessionFactory' of type [org.apache.ibatis.session.defaults.DefaultSqlSessionFactory] is not eligible for getting processed by all BeanPostProcessors (for example: not eligible for auto-proxying)
===2023-05-23 00:06:30.798 INFO  org.springframework.context.support.PostProcessorRegistrationDelegate$BeanPostProcessorChecker Line:376 - Bean 'sqlSessionTemplate' of type [org.mybatis.spring.SqlSessionTemplate] is not eligible for getting processed by all BeanPostProcessors (for example: not eligible for auto-proxying)
===2023-05-23 00:06:31.218 INFO  org.springframework.context.support.PostProcessorRegistrationDelegate$BeanPostProcessorChecker Line:376 - Bean 'loginMapper' of type [org.mybatis.spring.mapper.MapperFactoryBean] is not eligible for getting processed by all BeanPostProcessors (for example: not eligible for auto-proxying)
===2023-05-23 00:06:31.222 INFO  org.springframework.context.support.PostProcessorRegistrationDelegate$BeanPostProcessorChecker Line:376 - Bean 'loginMapper' of type [com.sun.proxy.$Proxy69] is not eligible for getting processed by all BeanPostProcessors (for example: not eligible for auto-proxying)
===2023-05-23 00:06:31.225 INFO  org.springframework.context.support.PostProcessorRegistrationDelegate$BeanPostProcessorChecker Line:376 - Bean 'loginServiceImpl' of type [com.exia.nocvsystem.service.LoginServiceImpl] is not eligible for getting processed by all BeanPostProcessors (for example: not eligible for auto-proxying)
===2023-05-23 00:06:31.225 INFO  org.springframework.context.support.PostProcessorRegistrationDelegate$BeanPostProcessorChecker Line:376 - Bean 'userRealm' of type [com.exia.nocvsystem.realm.UserRealm] is not eligible for getting processed by all BeanPostProcessors (for example: not eligible for auto-proxying)
===2023-05-23 00:06:32.229 INFO  org.springframework.context.support.PostProcessorRegistrationDelegate$BeanPostProcessorChecker Line:376 - Bean 'securityManager' of type [org.apache.shiro.web.mgt.DefaultWebSecurityManager] is not eligible for getting processed by all BeanPostProcessors (for example: not eligible for auto-proxying)
===2023-05-23 00:06:32.271 INFO  org.springframework.context.support.PostProcessorRegistrationDelegate$BeanPostProcessorChecker Line:376 - Bean 'authorizationAttributeSourceAdvisor' of type [org.apache.shiro.spring.security.interceptor.AuthorizationAttributeSourceAdvisor] is not eligible for getting processed by all BeanPostProcessors (for example: not eligible for auto-proxying)
===2023-05-23 00:06:32.567 INFO  org.springframework.boot.web.embedded.tomcat.TomcatWebServer Line:108 - Tomcat initialized with port(s): 8080 (http)
===2023-05-23 00:06:32.677 INFO  org.apache.coyote.http11.Http11NioProtocol Line:173 - Initializing ProtocolHandler ["http-nio-8080"]
===2023-05-23 00:06:32.679 INFO  org.apache.catalina.core.StandardService Line:173 - Starting service [Tomcat]
===2023-05-23 00:06:32.679 INFO  org.apache.catalina.core.StandardEngine Line:173 - Starting Servlet engine: [Apache Tomcat/9.0.70]
===2023-05-23 00:06:33.404 INFO  org.apache.catalina.core.ContainerBase.[Tomcat].[localhost].[/] Line:173 - Initializing Spring embedded WebApplicationContext
===2023-05-23 00:06:33.405 INFO  org.springframework.boot.web.servlet.context.ServletWebServerApplicationContext Line:292 - Root WebApplicationContext: initialization completed in 5163 ms
===2023-05-23 00:06:33.894 WARN  com.baomidou.mybatisplus.core.metadata.TableInfoHelper Line:327 - Can not find table primary key in Class: "com.exia.nocvsystem.entity.NocvGlobalData".
===2023-05-23 00:06:35.238 INFO  org.springframework.boot.autoconfigure.web.servlet.WelcomePageHandlerMapping Line:57  - Adding welcome page template: index
===2023-05-23 00:06:35.770 INFO  org.apache.coyote.http11.Http11NioProtocol Line:173 - Starting ProtocolHandler ["http-nio-8080"]
===2023-05-23 00:06:35.802 INFO  org.springframework.boot.web.embedded.tomcat.TomcatWebServer Line:220 - Tomcat started on port(s): 8080 (http) with context path ''
===2023-05-23 00:06:35.935 INFO  org.apache.catalina.core.ContainerBase.[Tomcat].[localhost].[/] Line:173 - Initializing Spring DispatcherServlet 'dispatcherServlet'
===2023-05-23 00:06:35.936 INFO  org.springframework.web.servlet.DispatcherServlet Line:525 - Initializing Servlet 'dispatcherServlet'
===2023-05-23 00:06:35.939 INFO  org.springframework.web.servlet.DispatcherServlet Line:547 - Completed initialization in 3 ms
===2023-05-23 00:06:37.040 INFO  com.zaxxer.hikari.HikariDataSource Line:110 - HikariPool-1 - Starting...
===2023-05-23 00:06:37.433 INFO  com.zaxxer.hikari.HikariDataSource Line:123 - HikariPool-1 - Start completed.
===2023-05-23 00:10:02.994 ERROR org.apache.catalina.core.ContainerBase.[Tomcat].[localhost].[/].[dispatcherServlet] Line:175 - Servlet.service() for servlet [dispatcherServlet] in context with path [] threw exception [Request processing failed; nested exception is java.lang.IndexOutOfBoundsException: Index: 0, Size: 0] with root cause
java.lang.IndexOutOfBoundsException: Index: 0, Size: 0
	at java.util.ArrayList.rangeCheck(ArrayList.java:657)
	at java.util.ArrayList.get(ArrayList.java:433)
	at com.exia.nocvsystem.service.UserServiceImpl.findTeacher(UserServiceImpl.java:34)
	at com.exia.nocvsystem.service.UserServiceImpl$$FastClassBySpringCGLIB$$965194dc.invoke(<generated>)
	at org.springframework.cglib.proxy.MethodProxy.invoke(MethodProxy.java:218)
	at org.springframework.aop.framework.CglibAopProxy.invokeMethod(CglibAopProxy.java:386)
	at org.springframework.aop.framework.CglibAopProxy.access$000(CglibAopProxy.java:85)
	at org.springframework.aop.framework.CglibAopProxy$DynamicAdvisedInterceptor.intercept(CglibAopProxy.java:704)
	at com.exia.nocvsystem.service.UserServiceImpl$$EnhancerBySpringCGLIB$$300a92be.findTeacher(<generated>)
	at com.exia.nocvsystem.service.UserServiceImpl$$FastClassBySpringCGLIB$$965194dc.invoke(<generated>)
	at org.springframework.cglib.proxy.MethodProxy.invoke(MethodProxy.java:218)
	at org.springframework.aop.framework.CglibAopProxy.invokeMethod(CglibAopProxy.java:386)
	at org.springframework.aop.framework.CglibAopProxy.access$000(CglibAopProxy.java:85)
	at org.springframework.aop.framework.CglibAopProxy$DynamicAdvisedInterceptor.intercept(CglibAopProxy.java:704)
	at com.exia.nocvsystem.service.UserServiceImpl$$EnhancerBySpringCGLIB$$3293c4c4.findTeacher(<generated>)
	at com.exia.nocvsystem.controller.UserController.getAllUser(UserController.java:106)
	at sun.reflect.NativeMethodAccessorImpl.invoke0(Native Method)
	at sun.reflect.NativeMethodAccessorImpl.invoke(NativeMethodAccessorImpl.java:62)
	at sun.reflect.DelegatingMethodAccessorImpl.invoke(DelegatingMethodAccessorImpl.java:43)
	at java.lang.reflect.Method.invoke(Method.java:498)
	at org.springframework.web.method.support.InvocableHandlerMethod.doInvoke(InvocableHandlerMethod.java:205)
	at org.springframework.web.method.support.InvocableHandlerMethod.invokeForRequest(InvocableHandlerMethod.java:150)
	at org.springframework.web.servlet.mvc.method.annotation.ServletInvocableHandlerMethod.invokeAndHandle(ServletInvocableHandlerMethod.java:117)
	at org.springframework.web.servlet.mvc.method.annotation.RequestMappingHandlerAdapter.invokeHandlerMethod(RequestMappingHandlerAdapter.java:895)
	at org.springframework.web.servlet.mvc.method.annotation.RequestMappingHandlerAdapter.handleInternal(RequestMappingHandlerAdapter.java:808)
	at org.springframework.web.servlet.mvc.method.AbstractHandlerMethodAdapter.handle(AbstractHandlerMethodAdapter.java:87)
	at org.springframework.web.servlet.DispatcherServlet.doDispatch(DispatcherServlet.java:1071)
	at org.springframework.web.servlet.DispatcherServlet.doService(DispatcherServlet.java:964)
	at org.springframework.web.servlet.FrameworkServlet.processRequest(FrameworkServlet.java:1006)
	at org.springframework.web.servlet.FrameworkServlet.doGet(FrameworkServlet.java:898)
	at javax.servlet.http.HttpServlet.service(HttpServlet.java:670)
	at org.springframework.web.servlet.FrameworkServlet.service(FrameworkServlet.java:883)
	at javax.servlet.http.HttpServlet.service(HttpServlet.java:779)
	at org.apache.catalina.core.ApplicationFilterChain.internalDoFilter(ApplicationFilterChain.java:227)
	at org.apache.catalina.core.ApplicationFilterChain.doFilter(ApplicationFilterChain.java:162)
	at org.apache.tomcat.websocket.server.WsFilter.doFilter(WsFilter.java:53)
	at org.apache.catalina.core.ApplicationFilterChain.internalDoFilter(ApplicationFilterChain.java:189)
	at org.apache.catalina.core.ApplicationFilterChain.doFilter(ApplicationFilterChain.java:162)
	at org.apache.shiro.web.servlet.OncePerRequestFilter.doFilter(OncePerRequestFilter.java:112)
	at org.apache.catalina.core.ApplicationFilterChain.internalDoFilter(ApplicationFilterChain.java:189)
	at org.apache.catalina.core.ApplicationFilterChain.doFilter(ApplicationFilterChain.java:162)
	at org.apache.shiro.web.servlet.ProxiedFilterChain.doFilter(ProxiedFilterChain.java:61)
	at org.apache.shiro.web.servlet.AdviceFilter.executeChain(AdviceFilter.java:108)
	at org.apache.shiro.web.servlet.AdviceFilter.doFilterInternal(AdviceFilter.java:137)
	at org.apache.shiro.web.servlet.OncePerRequestFilter.doFilter(OncePerRequestFilter.java:125)
	at org.apache.shiro.web.servlet.ProxiedFilterChain.doFilter(ProxiedFilterChain.java:66)
	at org.apache.shiro.web.servlet.AbstractShiroFilter.executeChain(AbstractShiroFilter.java:449)
	at org.apache.shiro.web.servlet.AbstractShiroFilter$1.call(AbstractShiroFilter.java:365)
	at org.apache.shiro.subject.support.SubjectCallable.doCall(SubjectCallable.java:90)
	at org.apache.shiro.subject.support.SubjectCallable.call(SubjectCallable.java:83)
	at org.apache.shiro.subject.support.DelegatingSubject.execute(DelegatingSubject.java:387)
	at org.apache.shiro.web.servlet.AbstractShiroFilter.doFilterInternal(AbstractShiroFilter.java:362)
	at org.apache.shiro.web.servlet.OncePerRequestFilter.doFilter(OncePerRequestFilter.java:125)
	at org.springframework.web.filter.DelegatingFilterProxy.invokeDelegate(DelegatingFilterProxy.java:354)
	at org.springframework.web.filter.DelegatingFilterProxy.doFilter(DelegatingFilterProxy.java:267)
	at org.apache.catalina.core.ApplicationFilterChain.internalDoFilter(ApplicationFilterChain.java:189)
	at org.apache.catalina.core.ApplicationFilterChain.doFilter(ApplicationFilterChain.java:162)
	at org.springframework.web.filter.RequestContextFilter.doFilterInternal(RequestContextFilter.java:100)
	at org.springframework.web.filter.OncePerRequestFilter.doFilter(OncePerRequestFilter.java:117)
	at org.apache.catalina.core.ApplicationFilterChain.internalDoFilter(ApplicationFilterChain.java:189)
	at org.apache.catalina.core.ApplicationFilterChain.doFilter(ApplicationFilterChain.java:162)
	at org.springframework.web.filter.FormContentFilter.doFilterInternal(FormContentFilter.java:93)
	at org.springframework.web.filter.OncePerRequestFilter.doFilter(OncePerRequestFilter.java:117)
	at org.apache.catalina.core.ApplicationFilterChain.internalDoFilter(ApplicationFilterChain.java:189)
	at org.apache.catalina.core.ApplicationFilterChain.doFilter(ApplicationFilterChain.java:162)
	at org.springframework.web.filter.CharacterEncodingFilter.doFilterInternal(CharacterEncodingFilter.java:201)
	at org.springframework.web.filter.OncePerRequestFilter.doFilter(OncePerRequestFilter.java:117)
	at org.apache.catalina.core.ApplicationFilterChain.internalDoFilter(ApplicationFilterChain.java:189)
	at org.apache.catalina.core.ApplicationFilterChain.doFilter(ApplicationFilterChain.java:162)
	at org.apache.catalina.core.StandardWrapperValve.invoke(StandardWrapperValve.java:177)
	at org.apache.catalina.core.StandardContextValve.invoke(StandardContextValve.java:97)
	at org.apache.catalina.authenticator.AuthenticatorBase.invoke(AuthenticatorBase.java:541)
	at org.apache.catalina.core.StandardHostValve.invoke(StandardHostValve.java:135)
	at org.apache.catalina.valves.ErrorReportValve.invoke(ErrorReportValve.java:92)
	at org.apache.catalina.core.StandardEngineValve.invoke(StandardEngineValve.java:78)
	at org.apache.catalina.connector.CoyoteAdapter.service(CoyoteAdapter.java:360)
	at org.apache.coyote.http11.Http11Processor.service(Http11Processor.java:399)
	at org.apache.coyote.AbstractProcessorLight.process(AbstractProcessorLight.java:65)
	at org.apache.coyote.AbstractProtocol$ConnectionHandler.process(AbstractProtocol.java:891)
	at org.apache.tomcat.util.net.NioEndpoint$SocketProcessor.doRun(NioEndpoint.java:1784)
	at org.apache.tomcat.util.net.SocketProcessorBase.run(SocketProcessorBase.java:49)
	at org.apache.tomcat.util.threads.ThreadPoolExecutor.runWorker(ThreadPoolExecutor.java:1191)
	at org.apache.tomcat.util.threads.ThreadPoolExecutor$Worker.run(ThreadPoolExecutor.java:659)
	at org.apache.tomcat.util.threads.TaskThread$WrappingRunnable.run(TaskThread.java:61)
	at java.lang.Thread.run(Thread.java:748)
===2023-05-23 00:23:17.289 INFO  com.zaxxer.hikari.HikariDataSource Line:350 - HikariPool-1 - Shutdown initiated...
===2023-05-23 00:23:17.296 INFO  com.zaxxer.hikari.HikariDataSource Line:352 - HikariPool-1 - Shutdown completed.
===2023-05-23 00:23:33.531 INFO  org.springframework.context.support.PostProcessorRegistrationDelegate$BeanPostProcessorChecker Line:376 - Bean 'shiroConfig' of type [com.exia.nocvsystem.config.ShiroConfig$$EnhancerBySpringCGLIB$$53a600df] is not eligible for getting processed by all BeanPostProcessors (for example: not eligible for auto-proxying)
===2023-05-23 00:23:33.603 INFO  org.springframework.context.support.PostProcessorRegistrationDelegate$BeanPostProcessorChecker Line:376 - Bean 'mybatis-plus-com.baomidou.mybatisplus.autoconfigure.MybatisPlusProperties' of type [com.baomidou.mybatisplus.autoconfigure.MybatisPlusProperties] is not eligible for getting processed by all BeanPostProcessors (for example: not eligible for auto-proxying)
===2023-05-23 00:23:33.608 INFO  org.springframework.context.support.PostProcessorRegistrationDelegate$BeanPostProcessorChecker Line:376 - Bean 'mybatisPlusConfig' of type [com.exia.nocvsystem.config.MybatisPlusConfig$$EnhancerBySpringCGLIB$$2ffa48bb] is not eligible for getting processed by all BeanPostProcessors (for example: not eligible for auto-proxying)
===2023-05-23 00:23:33.618 INFO  org.springframework.context.support.PostProcessorRegistrationDelegate$BeanPostProcessorChecker Line:376 - Bean 'mybatisPlusInterceptor' of type [com.baomidou.mybatisplus.extension.plugins.MybatisPlusInterceptor] is not eligible for getting processed by all BeanPostProcessors (for example: not eligible for auto-proxying)
===2023-05-23 00:23:33.628 INFO  org.springframework.context.support.PostProcessorRegistrationDelegate$BeanPostProcessorChecker Line:376 - Bean 'com.baomidou.mybatisplus.autoconfigure.MybatisPlusAutoConfiguration' of type [com.baomidou.mybatisplus.autoconfigure.MybatisPlusAutoConfiguration$$EnhancerBySpringCGLIB$$86a73e38] is not eligible for getting processed by all BeanPostProcessors (for example: not eligible for auto-proxying)
===2023-05-23 00:23:33.629 INFO  org.springframework.context.support.PostProcessorRegistrationDelegate$BeanPostProcessorChecker Line:376 - Bean 'org.springframework.boot.autoconfigure.jdbc.DataSourceConfiguration$Hikari' of type [org.springframework.boot.autoconfigure.jdbc.DataSourceConfiguration$Hikari] is not eligible for getting processed by all BeanPostProcessors (for example: not eligible for auto-proxying)
===2023-05-23 00:23:33.640 INFO  org.springframework.context.support.PostProcessorRegistrationDelegate$BeanPostProcessorChecker Line:376 - Bean 'spring.datasource-org.springframework.boot.autoconfigure.jdbc.DataSourceProperties' of type [org.springframework.boot.autoconfigure.jdbc.DataSourceProperties] is not eligible for getting processed by all BeanPostProcessors (for example: not eligible for auto-proxying)
===2023-05-23 00:23:33.661 INFO  org.springframework.context.support.PostProcessorRegistrationDelegate$BeanPostProcessorChecker Line:376 - Bean 'dataSource' of type [com.zaxxer.hikari.HikariDataSource] is not eligible for getting processed by all BeanPostProcessors (for example: not eligible for auto-proxying)
===2023-05-23 00:23:35.146 INFO  org.springframework.context.support.PostProcessorRegistrationDelegate$BeanPostProcessorChecker Line:376 - Bean 'sqlSessionFactory' of type [org.apache.ibatis.session.defaults.DefaultSqlSessionFactory] is not eligible for getting processed by all BeanPostProcessors (for example: not eligible for auto-proxying)
===2023-05-23 00:23:35.154 INFO  org.springframework.context.support.PostProcessorRegistrationDelegate$BeanPostProcessorChecker Line:376 - Bean 'sqlSessionTemplate' of type [org.mybatis.spring.SqlSessionTemplate] is not eligible for getting processed by all BeanPostProcessors (for example: not eligible for auto-proxying)
===2023-05-23 00:23:35.380 INFO  org.springframework.context.support.PostProcessorRegistrationDelegate$BeanPostProcessorChecker Line:376 - Bean 'loginMapper' of type [org.mybatis.spring.mapper.MapperFactoryBean] is not eligible for getting processed by all BeanPostProcessors (for example: not eligible for auto-proxying)
===2023-05-23 00:23:35.383 INFO  org.springframework.context.support.PostProcessorRegistrationDelegate$BeanPostProcessorChecker Line:376 - Bean 'loginMapper' of type [com.sun.proxy.$Proxy69] is not eligible for getting processed by all BeanPostProcessors (for example: not eligible for auto-proxying)
===2023-05-23 00:23:35.384 INFO  org.springframework.context.support.PostProcessorRegistrationDelegate$BeanPostProcessorChecker Line:376 - Bean 'loginServiceImpl' of type [com.exia.nocvsystem.service.LoginServiceImpl] is not eligible for getting processed by all BeanPostProcessors (for example: not eligible for auto-proxying)
===2023-05-23 00:23:35.384 INFO  org.springframework.context.support.PostProcessorRegistrationDelegate$BeanPostProcessorChecker Line:376 - Bean 'userRealm' of type [com.exia.nocvsystem.realm.UserRealm] is not eligible for getting processed by all BeanPostProcessors (for example: not eligible for auto-proxying)
===2023-05-23 00:23:36.212 INFO  org.springframework.context.support.PostProcessorRegistrationDelegate$BeanPostProcessorChecker Line:376 - Bean 'securityManager' of type [org.apache.shiro.web.mgt.DefaultWebSecurityManager] is not eligible for getting processed by all BeanPostProcessors (for example: not eligible for auto-proxying)
===2023-05-23 00:23:36.245 INFO  org.springframework.context.support.PostProcessorRegistrationDelegate$BeanPostProcessorChecker Line:376 - Bean 'authorizationAttributeSourceAdvisor' of type [org.apache.shiro.spring.security.interceptor.AuthorizationAttributeSourceAdvisor] is not eligible for getting processed by all BeanPostProcessors (for example: not eligible for auto-proxying)
===2023-05-23 00:23:36.562 INFO  org.springframework.boot.web.embedded.tomcat.TomcatWebServer Line:108 - Tomcat initialized with port(s): 8080 (http)
===2023-05-23 00:23:36.662 INFO  org.apache.coyote.http11.Http11NioProtocol Line:173 - Initializing ProtocolHandler ["http-nio-8080"]
===2023-05-23 00:23:36.662 INFO  org.apache.catalina.core.StandardService Line:173 - Starting service [Tomcat]
===2023-05-23 00:23:36.662 INFO  org.apache.catalina.core.StandardEngine Line:173 - Starting Servlet engine: [Apache Tomcat/9.0.70]
===2023-05-23 00:23:37.158 INFO  org.apache.catalina.core.ContainerBase.[Tomcat].[localhost].[/] Line:173 - Initializing Spring embedded WebApplicationContext
===2023-05-23 00:23:37.159 INFO  org.springframework.boot.web.servlet.context.ServletWebServerApplicationContext Line:292 - Root WebApplicationContext: initialization completed in 5011 ms
===2023-05-23 00:23:37.563 WARN  com.baomidou.mybatisplus.core.metadata.TableInfoHelper Line:327 - Can not find table primary key in Class: "com.exia.nocvsystem.entity.NocvGlobalData".
===2023-05-23 00:23:38.483 INFO  org.springframework.boot.autoconfigure.web.servlet.WelcomePageHandlerMapping Line:57  - Adding welcome page template: index
===2023-05-23 00:23:39.235 INFO  org.apache.coyote.http11.Http11NioProtocol Line:173 - Starting ProtocolHandler ["http-nio-8080"]
===2023-05-23 00:23:39.255 INFO  org.springframework.boot.web.embedded.tomcat.TomcatWebServer Line:220 - Tomcat started on port(s): 8080 (http) with context path ''
===2023-05-23 00:23:40.199 INFO  com.zaxxer.hikari.HikariDataSource Line:110 - HikariPool-1 - Starting...
===2023-05-23 00:23:40.421 INFO  com.zaxxer.hikari.HikariDataSource Line:123 - HikariPool-1 - Start completed.
===2023-05-23 00:24:21.243 INFO  org.apache.catalina.core.ContainerBase.[Tomcat].[localhost].[/] Line:173 - Initializing Spring DispatcherServlet 'dispatcherServlet'
===2023-05-23 00:24:21.244 INFO  org.springframework.web.servlet.DispatcherServlet Line:525 - Initializing Servlet 'dispatcherServlet'
===2023-05-23 00:24:21.246 INFO  org.springframework.web.servlet.DispatcherServlet Line:547 - Completed initialization in 2 ms
===2023-05-23 00:27:30.855 INFO  com.zaxxer.hikari.HikariDataSource Line:350 - HikariPool-1 - Shutdown initiated...
===2023-05-23 00:27:30.861 INFO  com.zaxxer.hikari.HikariDataSource Line:352 - HikariPool-1 - Shutdown completed.
===2023-05-23 00:27:38.413 INFO  org.springframework.context.support.PostProcessorRegistrationDelegate$BeanPostProcessorChecker Line:376 - Bean 'shiroConfig' of type [com.exia.nocvsystem.config.ShiroConfig$$EnhancerBySpringCGLIB$$53a600df] is not eligible for getting processed by all BeanPostProcessors (for example: not eligible for auto-proxying)
===2023-05-23 00:27:38.502 INFO  org.springframework.context.support.PostProcessorRegistrationDelegate$BeanPostProcessorChecker Line:376 - Bean 'mybatis-plus-com.baomidou.mybatisplus.autoconfigure.MybatisPlusProperties' of type [com.baomidou.mybatisplus.autoconfigure.MybatisPlusProperties] is not eligible for getting processed by all BeanPostProcessors (for example: not eligible for auto-proxying)
===2023-05-23 00:27:38.506 INFO  org.springframework.context.support.PostProcessorRegistrationDelegate$BeanPostProcessorChecker Line:376 - Bean 'mybatisPlusConfig' of type [com.exia.nocvsystem.config.MybatisPlusConfig$$EnhancerBySpringCGLIB$$2ffa48bb] is not eligible for getting processed by all BeanPostProcessors (for example: not eligible for auto-proxying)
===2023-05-23 00:27:38.514 INFO  org.springframework.context.support.PostProcessorRegistrationDelegate$BeanPostProcessorChecker Line:376 - Bean 'mybatisPlusInterceptor' of type [com.baomidou.mybatisplus.extension.plugins.MybatisPlusInterceptor] is not eligible for getting processed by all BeanPostProcessors (for example: not eligible for auto-proxying)
===2023-05-23 00:27:38.522 INFO  org.springframework.context.support.PostProcessorRegistrationDelegate$BeanPostProcessorChecker Line:376 - Bean 'com.baomidou.mybatisplus.autoconfigure.MybatisPlusAutoConfiguration' of type [com.baomidou.mybatisplus.autoconfigure.MybatisPlusAutoConfiguration$$EnhancerBySpringCGLIB$$86a73e38] is not eligible for getting processed by all BeanPostProcessors (for example: not eligible for auto-proxying)
===2023-05-23 00:27:38.524 INFO  org.springframework.context.support.PostProcessorRegistrationDelegate$BeanPostProcessorChecker Line:376 - Bean 'org.springframework.boot.autoconfigure.jdbc.DataSourceConfiguration$Hikari' of type [org.springframework.boot.autoconfigure.jdbc.DataSourceConfiguration$Hikari] is not eligible for getting processed by all BeanPostProcessors (for example: not eligible for auto-proxying)
===2023-05-23 00:27:38.536 INFO  org.springframework.context.support.PostProcessorRegistrationDelegate$BeanPostProcessorChecker Line:376 - Bean 'spring.datasource-org.springframework.boot.autoconfigure.jdbc.DataSourceProperties' of type [org.springframework.boot.autoconfigure.jdbc.DataSourceProperties] is not eligible for getting processed by all BeanPostProcessors (for example: not eligible for auto-proxying)
===2023-05-23 00:27:38.564 INFO  org.springframework.context.support.PostProcessorRegistrationDelegate$BeanPostProcessorChecker Line:376 - Bean 'dataSource' of type [com.zaxxer.hikari.HikariDataSource] is not eligible for getting processed by all BeanPostProcessors (for example: not eligible for auto-proxying)
===2023-05-23 00:27:39.729 INFO  org.springframework.context.support.PostProcessorRegistrationDelegate$BeanPostProcessorChecker Line:376 - Bean 'sqlSessionFactory' of type [org.apache.ibatis.session.defaults.DefaultSqlSessionFactory] is not eligible for getting processed by all BeanPostProcessors (for example: not eligible for auto-proxying)
===2023-05-23 00:27:39.738 INFO  org.springframework.context.support.PostProcessorRegistrationDelegate$BeanPostProcessorChecker Line:376 - Bean 'sqlSessionTemplate' of type [org.mybatis.spring.SqlSessionTemplate] is not eligible for getting processed by all BeanPostProcessors (for example: not eligible for auto-proxying)
===2023-05-23 00:27:40.063 INFO  org.springframework.context.support.PostProcessorRegistrationDelegate$BeanPostProcessorChecker Line:376 - Bean 'loginMapper' of type [org.mybatis.spring.mapper.MapperFactoryBean] is not eligible for getting processed by all BeanPostProcessors (for example: not eligible for auto-proxying)
===2023-05-23 00:27:40.067 INFO  org.springframework.context.support.PostProcessorRegistrationDelegate$BeanPostProcessorChecker Line:376 - Bean 'loginMapper' of type [com.sun.proxy.$Proxy69] is not eligible for getting processed by all BeanPostProcessors (for example: not eligible for auto-proxying)
===2023-05-23 00:27:40.070 INFO  org.springframework.context.support.PostProcessorRegistrationDelegate$BeanPostProcessorChecker Line:376 - Bean 'loginServiceImpl' of type [com.exia.nocvsystem.service.LoginServiceImpl] is not eligible for getting processed by all BeanPostProcessors (for example: not eligible for auto-proxying)
===2023-05-23 00:27:40.071 INFO  org.springframework.context.support.PostProcessorRegistrationDelegate$BeanPostProcessorChecker Line:376 - Bean 'userRealm' of type [com.exia.nocvsystem.realm.UserRealm] is not eligible for getting processed by all BeanPostProcessors (for example: not eligible for auto-proxying)
===2023-05-23 00:27:40.886 INFO  org.springframework.context.support.PostProcessorRegistrationDelegate$BeanPostProcessorChecker Line:376 - Bean 'securityManager' of type [org.apache.shiro.web.mgt.DefaultWebSecurityManager] is not eligible for getting processed by all BeanPostProcessors (for example: not eligible for auto-proxying)
===2023-05-23 00:27:40.915 INFO  org.springframework.context.support.PostProcessorRegistrationDelegate$BeanPostProcessorChecker Line:376 - Bean 'authorizationAttributeSourceAdvisor' of type [org.apache.shiro.spring.security.interceptor.AuthorizationAttributeSourceAdvisor] is not eligible for getting processed by all BeanPostProcessors (for example: not eligible for auto-proxying)
===2023-05-23 00:27:41.350 INFO  org.springframework.boot.web.embedded.tomcat.TomcatWebServer Line:108 - Tomcat initialized with port(s): 8080 (http)
===2023-05-23 00:27:41.418 INFO  org.apache.coyote.http11.Http11NioProtocol Line:173 - Initializing ProtocolHandler ["http-nio-8080"]
===2023-05-23 00:27:41.418 INFO  org.apache.catalina.core.StandardService Line:173 - Starting service [Tomcat]
===2023-05-23 00:27:41.418 INFO  org.apache.catalina.core.StandardEngine Line:173 - Starting Servlet engine: [Apache Tomcat/9.0.70]
===2023-05-23 00:27:41.912 INFO  org.apache.catalina.core.ContainerBase.[Tomcat].[localhost].[/] Line:173 - Initializing Spring embedded WebApplicationContext
===2023-05-23 00:27:41.913 INFO  org.springframework.boot.web.servlet.context.ServletWebServerApplicationContext Line:292 - Root WebApplicationContext: initialization completed in 4603 ms
===2023-05-23 00:27:42.220 WARN  com.baomidou.mybatisplus.core.metadata.TableInfoHelper Line:327 - Can not find table primary key in Class: "com.exia.nocvsystem.entity.NocvGlobalData".
===2023-05-23 00:27:43.170 INFO  org.springframework.boot.autoconfigure.web.servlet.WelcomePageHandlerMapping Line:57  - Adding welcome page template: index
===2023-05-23 00:27:43.692 INFO  org.apache.coyote.http11.Http11NioProtocol Line:173 - Starting ProtocolHandler ["http-nio-8080"]
===2023-05-23 00:27:43.721 INFO  org.springframework.boot.web.embedded.tomcat.TomcatWebServer Line:220 - Tomcat started on port(s): 8080 (http) with context path ''
===2023-05-23 00:27:44.708 INFO  com.zaxxer.hikari.HikariDataSource Line:110 - HikariPool-1 - Starting...
===2023-05-23 00:27:44.976 INFO  com.zaxxer.hikari.HikariDataSource Line:123 - HikariPool-1 - Start completed.
===2023-05-23 00:27:51.953 INFO  org.apache.catalina.core.ContainerBase.[Tomcat].[localhost].[/] Line:173 - Initializing Spring DispatcherServlet 'dispatcherServlet'
===2023-05-23 00:27:51.953 INFO  org.springframework.web.servlet.DispatcherServlet Line:525 - Initializing Servlet 'dispatcherServlet'
===2023-05-23 00:27:51.955 INFO  org.springframework.web.servlet.DispatcherServlet Line:547 - Completed initialization in 2 ms
===2023-05-23 00:27:57.632 ERROR org.thymeleaf.TemplateEngine Line:1136 - [THYMELEAF][http-nio-8080-exec-10] Exception processing template "user/userinfo": An error happened during template parsing (template: "class path resource [templates/user/userinfo.html]" - line 63, col 54)
org.thymeleaf.exceptions.TemplateInputException: An error happened during template parsing (template: "class path resource [templates/user/userinfo.html]" - line 63, col 54)
	at org.thymeleaf.templateparser.markup.AbstractMarkupTemplateParser.parse(AbstractMarkupTemplateParser.java:239)
	at org.thymeleaf.templateparser.markup.AbstractMarkupTemplateParser.parseStandalone(AbstractMarkupTemplateParser.java:100)
	at org.thymeleaf.engine.TemplateManager.parseAndProcess(TemplateManager.java:666)
	at org.thymeleaf.TemplateEngine.process(TemplateEngine.java:1098)
	at org.thymeleaf.TemplateEngine.process(TemplateEngine.java:1072)
	at org.thymeleaf.spring5.view.ThymeleafView.renderFragment(ThymeleafView.java:366)
	at org.thymeleaf.spring5.view.ThymeleafView.render(ThymeleafView.java:190)
	at org.springframework.web.servlet.DispatcherServlet.render(DispatcherServlet.java:1405)
	at org.springframework.web.servlet.DispatcherServlet.processDispatchResult(DispatcherServlet.java:1149)
	at org.springframework.web.servlet.DispatcherServlet.doDispatch(DispatcherServlet.java:1088)
	at org.springframework.web.servlet.DispatcherServlet.doService(DispatcherServlet.java:964)
	at org.springframework.web.servlet.FrameworkServlet.processRequest(FrameworkServlet.java:1006)
	at org.springframework.web.servlet.FrameworkServlet.doGet(FrameworkServlet.java:898)
	at javax.servlet.http.HttpServlet.service(HttpServlet.java:670)
	at org.springframework.web.servlet.FrameworkServlet.service(FrameworkServlet.java:883)
	at javax.servlet.http.HttpServlet.service(HttpServlet.java:779)
	at org.apache.catalina.core.ApplicationFilterChain.internalDoFilter(ApplicationFilterChain.java:227)
	at org.apache.catalina.core.ApplicationFilterChain.doFilter(ApplicationFilterChain.java:162)
	at org.apache.tomcat.websocket.server.WsFilter.doFilter(WsFilter.java:53)
	at org.apache.catalina.core.ApplicationFilterChain.internalDoFilter(ApplicationFilterChain.java:189)
	at org.apache.catalina.core.ApplicationFilterChain.doFilter(ApplicationFilterChain.java:162)
	at org.apache.shiro.web.servlet.OncePerRequestFilter.doFilter(OncePerRequestFilter.java:112)
	at org.apache.catalina.core.ApplicationFilterChain.internalDoFilter(ApplicationFilterChain.java:189)
	at org.apache.catalina.core.ApplicationFilterChain.doFilter(ApplicationFilterChain.java:162)
	at org.apache.shiro.web.servlet.ProxiedFilterChain.doFilter(ProxiedFilterChain.java:61)
	at org.apache.shiro.web.servlet.AdviceFilter.executeChain(AdviceFilter.java:108)
	at org.apache.shiro.web.servlet.AdviceFilter.doFilterInternal(AdviceFilter.java:137)
	at org.apache.shiro.web.servlet.OncePerRequestFilter.doFilter(OncePerRequestFilter.java:125)
	at org.apache.shiro.web.servlet.ProxiedFilterChain.doFilter(ProxiedFilterChain.java:66)
	at org.apache.shiro.web.servlet.AbstractShiroFilter.executeChain(AbstractShiroFilter.java:449)
	at org.apache.shiro.web.servlet.AbstractShiroFilter$1.call(AbstractShiroFilter.java:365)
	at org.apache.shiro.subject.support.SubjectCallable.doCall(SubjectCallable.java:90)
	at org.apache.shiro.subject.support.SubjectCallable.call(SubjectCallable.java:83)
	at org.apache.shiro.subject.support.DelegatingSubject.execute(DelegatingSubject.java:387)
	at org.apache.shiro.web.servlet.AbstractShiroFilter.doFilterInternal(AbstractShiroFilter.java:362)
	at org.apache.shiro.web.servlet.OncePerRequestFilter.doFilter(OncePerRequestFilter.java:125)
	at org.springframework.web.filter.DelegatingFilterProxy.invokeDelegate(DelegatingFilterProxy.java:354)
	at org.springframework.web.filter.DelegatingFilterProxy.doFilter(DelegatingFilterProxy.java:267)
	at org.apache.catalina.core.ApplicationFilterChain.internalDoFilter(ApplicationFilterChain.java:189)
	at org.apache.catalina.core.ApplicationFilterChain.doFilter(ApplicationFilterChain.java:162)
	at org.springframework.web.filter.RequestContextFilter.doFilterInternal(RequestContextFilter.java:100)
	at org.springframework.web.filter.OncePerRequestFilter.doFilter(OncePerRequestFilter.java:117)
	at org.apache.catalina.core.ApplicationFilterChain.internalDoFilter(ApplicationFilterChain.java:189)
	at org.apache.catalina.core.ApplicationFilterChain.doFilter(ApplicationFilterChain.java:162)
	at org.springframework.web.filter.FormContentFilter.doFilterInternal(FormContentFilter.java:93)
	at org.springframework.web.filter.OncePerRequestFilter.doFilter(OncePerRequestFilter.java:117)
	at org.apache.catalina.core.ApplicationFilterChain.internalDoFilter(ApplicationFilterChain.java:189)
	at org.apache.catalina.core.ApplicationFilterChain.doFilter(ApplicationFilterChain.java:162)
	at org.springframework.web.filter.CharacterEncodingFilter.doFilterInternal(CharacterEncodingFilter.java:201)
	at org.springframework.web.filter.OncePerRequestFilter.doFilter(OncePerRequestFilter.java:117)
	at org.apache.catalina.core.ApplicationFilterChain.internalDoFilter(ApplicationFilterChain.java:189)
	at org.apache.catalina.core.ApplicationFilterChain.doFilter(ApplicationFilterChain.java:162)
	at org.apache.catalina.core.StandardWrapperValve.invoke(StandardWrapperValve.java:177)
	at org.apache.catalina.core.StandardContextValve.invoke(StandardContextValve.java:97)
	at org.apache.catalina.authenticator.AuthenticatorBase.invoke(AuthenticatorBase.java:541)
	at org.apache.catalina.core.StandardHostValve.invoke(StandardHostValve.java:135)
	at org.apache.catalina.valves.ErrorReportValve.invoke(ErrorReportValve.java:92)
	at org.apache.catalina.core.StandardEngineValve.invoke(StandardEngineValve.java:78)
	at org.apache.catalina.connector.CoyoteAdapter.service(CoyoteAdapter.java:360)
	at org.apache.coyote.http11.Http11Processor.service(Http11Processor.java:399)
	at org.apache.coyote.AbstractProcessorLight.process(AbstractProcessorLight.java:65)
	at org.apache.coyote.AbstractProtocol$ConnectionHandler.process(AbstractProtocol.java:891)
	at org.apache.tomcat.util.net.NioEndpoint$SocketProcessor.doRun(NioEndpoint.java:1784)
	at org.apache.tomcat.util.net.SocketProcessorBase.run(SocketProcessorBase.java:49)
	at org.apache.tomcat.util.threads.ThreadPoolExecutor.runWorker(ThreadPoolExecutor.java:1191)
	at org.apache.tomcat.util.threads.ThreadPoolExecutor$Worker.run(ThreadPoolExecutor.java:659)
	at org.apache.tomcat.util.threads.TaskThread$WrappingRunnable.run(TaskThread.java:61)
	at java.lang.Thread.run(Thread.java:748)
Caused by: org.attoparser.ParseException: (Line = 63, Column = 54) Malformed markup: Attribute "id" appears more than once in element
	at org.attoparser.MarkupEventProcessorHandler.handleAttribute(MarkupEventProcessorHandler.java:549)
	at org.attoparser.ParsingAttributeSequenceUtil.parseAttributeSequence(ParsingAttributeSequenceUtil.java:300)
	at org.attoparser.ParsingElementMarkupUtil.parseOpenElement(ParsingElementMarkupUtil.java:153)
	at org.attoparser.MarkupParser.parseBuffer(MarkupParser.java:710)
	at org.attoparser.MarkupParser.parseDocument(MarkupParser.java:301)
	at org.attoparser.MarkupParser.parse(MarkupParser.java:257)
	at org.thymeleaf.templateparser.markup.AbstractMarkupTemplateParser.parse(AbstractMarkupTemplateParser.java:230)
	... 67 common frames omitted
===2023-05-23 00:27:57.636 ERROR org.apache.catalina.core.ContainerBase.[Tomcat].[localhost].[/].[dispatcherServlet] Line:175 - Servlet.service() for servlet [dispatcherServlet] in context with path [] threw exception [Request processing failed; nested exception is org.thymeleaf.exceptions.TemplateInputException: An error happened during template parsing (template: "class path resource [templates/user/userinfo.html]" - line 63, col 54)] with root cause
org.attoparser.ParseException: (Line = 63, Column = 54) Malformed markup: Attribute "id" appears more than once in element
	at org.attoparser.MarkupEventProcessorHandler.handleAttribute(MarkupEventProcessorHandler.java:549)
	at org.attoparser.ParsingAttributeSequenceUtil.parseAttributeSequence(ParsingAttributeSequenceUtil.java:300)
	at org.attoparser.ParsingElementMarkupUtil.parseOpenElement(ParsingElementMarkupUtil.java:153)
	at org.attoparser.MarkupParser.parseBuffer(MarkupParser.java:710)
	at org.attoparser.MarkupParser.parseDocument(MarkupParser.java:301)
	at org.attoparser.MarkupParser.parse(MarkupParser.java:257)
	at org.thymeleaf.templateparser.markup.AbstractMarkupTemplateParser.parse(AbstractMarkupTemplateParser.java:230)
	at org.thymeleaf.templateparser.markup.AbstractMarkupTemplateParser.parseStandalone(AbstractMarkupTemplateParser.java:100)
	at org.thymeleaf.engine.TemplateManager.parseAndProcess(TemplateManager.java:666)
	at org.thymeleaf.TemplateEngine.process(TemplateEngine.java:1098)
	at org.thymeleaf.TemplateEngine.process(TemplateEngine.java:1072)
	at org.thymeleaf.spring5.view.ThymeleafView.renderFragment(ThymeleafView.java:366)
	at org.thymeleaf.spring5.view.ThymeleafView.render(ThymeleafView.java:190)
	at org.springframework.web.servlet.DispatcherServlet.render(DispatcherServlet.java:1405)
	at org.springframework.web.servlet.DispatcherServlet.processDispatchResult(DispatcherServlet.java:1149)
	at org.springframework.web.servlet.DispatcherServlet.doDispatch(DispatcherServlet.java:1088)
	at org.springframework.web.servlet.DispatcherServlet.doService(DispatcherServlet.java:964)
	at org.springframework.web.servlet.FrameworkServlet.processRequest(FrameworkServlet.java:1006)
	at org.springframework.web.servlet.FrameworkServlet.doGet(FrameworkServlet.java:898)
	at javax.servlet.http.HttpServlet.service(HttpServlet.java:670)
	at org.springframework.web.servlet.FrameworkServlet.service(FrameworkServlet.java:883)
	at javax.servlet.http.HttpServlet.service(HttpServlet.java:779)
	at org.apache.catalina.core.ApplicationFilterChain.internalDoFilter(ApplicationFilterChain.java:227)
	at org.apache.catalina.core.ApplicationFilterChain.doFilter(ApplicationFilterChain.java:162)
	at org.apache.tomcat.websocket.server.WsFilter.doFilter(WsFilter.java:53)
	at org.apache.catalina.core.ApplicationFilterChain.internalDoFilter(ApplicationFilterChain.java:189)
	at org.apache.catalina.core.ApplicationFilterChain.doFilter(ApplicationFilterChain.java:162)
	at org.apache.shiro.web.servlet.OncePerRequestFilter.doFilter(OncePerRequestFilter.java:112)
	at org.apache.catalina.core.ApplicationFilterChain.internalDoFilter(ApplicationFilterChain.java:189)
	at org.apache.catalina.core.ApplicationFilterChain.doFilter(ApplicationFilterChain.java:162)
	at org.apache.shiro.web.servlet.ProxiedFilterChain.doFilter(ProxiedFilterChain.java:61)
	at org.apache.shiro.web.servlet.AdviceFilter.executeChain(AdviceFilter.java:108)
	at org.apache.shiro.web.servlet.AdviceFilter.doFilterInternal(AdviceFilter.java:137)
	at org.apache.shiro.web.servlet.OncePerRequestFilter.doFilter(OncePerRequestFilter.java:125)
	at org.apache.shiro.web.servlet.ProxiedFilterChain.doFilter(ProxiedFilterChain.java:66)
	at org.apache.shiro.web.servlet.AbstractShiroFilter.executeChain(AbstractShiroFilter.java:449)
	at org.apache.shiro.web.servlet.AbstractShiroFilter$1.call(AbstractShiroFilter.java:365)
	at org.apache.shiro.subject.support.SubjectCallable.doCall(SubjectCallable.java:90)
	at org.apache.shiro.subject.support.SubjectCallable.call(SubjectCallable.java:83)
	at org.apache.shiro.subject.support.DelegatingSubject.execute(DelegatingSubject.java:387)
	at org.apache.shiro.web.servlet.AbstractShiroFilter.doFilterInternal(AbstractShiroFilter.java:362)
	at org.apache.shiro.web.servlet.OncePerRequestFilter.doFilter(OncePerRequestFilter.java:125)
	at org.springframework.web.filter.DelegatingFilterProxy.invokeDelegate(DelegatingFilterProxy.java:354)
	at org.springframework.web.filter.DelegatingFilterProxy.doFilter(DelegatingFilterProxy.java:267)
	at org.apache.catalina.core.ApplicationFilterChain.internalDoFilter(ApplicationFilterChain.java:189)
	at org.apache.catalina.core.ApplicationFilterChain.doFilter(ApplicationFilterChain.java:162)
	at org.springframework.web.filter.RequestContextFilter.doFilterInternal(RequestContextFilter.java:100)
	at org.springframework.web.filter.OncePerRequestFilter.doFilter(OncePerRequestFilter.java:117)
	at org.apache.catalina.core.ApplicationFilterChain.internalDoFilter(ApplicationFilterChain.java:189)
	at org.apache.catalina.core.ApplicationFilterChain.doFilter(ApplicationFilterChain.java:162)
	at org.springframework.web.filter.FormContentFilter.doFilterInternal(FormContentFilter.java:93)
	at org.springframework.web.filter.OncePerRequestFilter.doFilter(OncePerRequestFilter.java:117)
	at org.apache.catalina.core.ApplicationFilterChain.internalDoFilter(ApplicationFilterChain.java:189)
	at org.apache.catalina.core.ApplicationFilterChain.doFilter(ApplicationFilterChain.java:162)
	at org.springframework.web.filter.CharacterEncodingFilter.doFilterInternal(CharacterEncodingFilter.java:201)
	at org.springframework.web.filter.OncePerRequestFilter.doFilter(OncePerRequestFilter.java:117)
	at org.apache.catalina.core.ApplicationFilterChain.internalDoFilter(ApplicationFilterChain.java:189)
	at org.apache.catalina.core.ApplicationFilterChain.doFilter(ApplicationFilterChain.java:162)
	at org.apache.catalina.core.StandardWrapperValve.invoke(StandardWrapperValve.java:177)
	at org.apache.catalina.core.StandardContextValve.invoke(StandardContextValve.java:97)
	at org.apache.catalina.authenticator.AuthenticatorBase.invoke(AuthenticatorBase.java:541)
	at org.apache.catalina.core.StandardHostValve.invoke(StandardHostValve.java:135)
	at org.apache.catalina.valves.ErrorReportValve.invoke(ErrorReportValve.java:92)
	at org.apache.catalina.core.StandardEngineValve.invoke(StandardEngineValve.java:78)
	at org.apache.catalina.connector.CoyoteAdapter.service(CoyoteAdapter.java:360)
	at org.apache.coyote.http11.Http11Processor.service(Http11Processor.java:399)
	at org.apache.coyote.AbstractProcessorLight.process(AbstractProcessorLight.java:65)
	at org.apache.coyote.AbstractProtocol$ConnectionHandler.process(AbstractProtocol.java:891)
	at org.apache.tomcat.util.net.NioEndpoint$SocketProcessor.doRun(NioEndpoint.java:1784)
	at org.apache.tomcat.util.net.SocketProcessorBase.run(SocketProcessorBase.java:49)
	at org.apache.tomcat.util.threads.ThreadPoolExecutor.runWorker(ThreadPoolExecutor.java:1191)
	at org.apache.tomcat.util.threads.ThreadPoolExecutor$Worker.run(ThreadPoolExecutor.java:659)
	at org.apache.tomcat.util.threads.TaskThread$WrappingRunnable.run(TaskThread.java:61)
	at java.lang.Thread.run(Thread.java:748)
===2023-05-23 00:34:52.485 INFO  com.zaxxer.hikari.HikariDataSource Line:350 - HikariPool-1 - Shutdown initiated...
===2023-05-23 00:34:52.492 INFO  com.zaxxer.hikari.HikariDataSource Line:352 - HikariPool-1 - Shutdown completed.
===2023-05-23 00:35:10.631 INFO  org.springframework.context.support.PostProcessorRegistrationDelegate$BeanPostProcessorChecker Line:376 - Bean 'shiroConfig' of type [com.exia.nocvsystem.config.ShiroConfig$$EnhancerBySpringCGLIB$$53a600df] is not eligible for getting processed by all BeanPostProcessors (for example: not eligible for auto-proxying)
===2023-05-23 00:35:10.821 INFO  org.springframework.context.support.PostProcessorRegistrationDelegate$BeanPostProcessorChecker Line:376 - Bean 'mybatis-plus-com.baomidou.mybatisplus.autoconfigure.MybatisPlusProperties' of type [com.baomidou.mybatisplus.autoconfigure.MybatisPlusProperties] is not eligible for getting processed by all BeanPostProcessors (for example: not eligible for auto-proxying)
===2023-05-23 00:35:10.830 INFO  org.springframework.context.support.PostProcessorRegistrationDelegate$BeanPostProcessorChecker Line:376 - Bean 'mybatisPlusConfig' of type [com.exia.nocvsystem.config.MybatisPlusConfig$$EnhancerBySpringCGLIB$$2ffa48bb] is not eligible for getting processed by all BeanPostProcessors (for example: not eligible for auto-proxying)
===2023-05-23 00:35:10.849 INFO  org.springframework.context.support.PostProcessorRegistrationDelegate$BeanPostProcessorChecker Line:376 - Bean 'mybatisPlusInterceptor' of type [com.baomidou.mybatisplus.extension.plugins.MybatisPlusInterceptor] is not eligible for getting processed by all BeanPostProcessors (for example: not eligible for auto-proxying)
===2023-05-23 00:35:10.866 INFO  org.springframework.context.support.PostProcessorRegistrationDelegate$BeanPostProcessorChecker Line:376 - Bean 'com.baomidou.mybatisplus.autoconfigure.MybatisPlusAutoConfiguration' of type [com.baomidou.mybatisplus.autoconfigure.MybatisPlusAutoConfiguration$$EnhancerBySpringCGLIB$$86a73e38] is not eligible for getting processed by all BeanPostProcessors (for example: not eligible for auto-proxying)
===2023-05-23 00:35:10.871 INFO  org.springframework.context.support.PostProcessorRegistrationDelegate$BeanPostProcessorChecker Line:376 - Bean 'org.springframework.boot.autoconfigure.jdbc.DataSourceConfiguration$Hikari' of type [org.springframework.boot.autoconfigure.jdbc.DataSourceConfiguration$Hikari] is not eligible for getting processed by all BeanPostProcessors (for example: not eligible for auto-proxying)
===2023-05-23 00:35:10.897 INFO  org.springframework.context.support.PostProcessorRegistrationDelegate$BeanPostProcessorChecker Line:376 - Bean 'spring.datasource-org.springframework.boot.autoconfigure.jdbc.DataSourceProperties' of type [org.springframework.boot.autoconfigure.jdbc.DataSourceProperties] is not eligible for getting processed by all BeanPostProcessors (for example: not eligible for auto-proxying)
===2023-05-23 00:35:10.985 INFO  org.springframework.context.support.PostProcessorRegistrationDelegate$BeanPostProcessorChecker Line:376 - Bean 'dataSource' of type [com.zaxxer.hikari.HikariDataSource] is not eligible for getting processed by all BeanPostProcessors (for example: not eligible for auto-proxying)
===2023-05-23 00:35:11.930 INFO  org.springframework.context.support.PostProcessorRegistrationDelegate$BeanPostProcessorChecker Line:376 - Bean 'sqlSessionFactory' of type [org.apache.ibatis.session.defaults.DefaultSqlSessionFactory] is not eligible for getting processed by all BeanPostProcessors (for example: not eligible for auto-proxying)
===2023-05-23 00:35:11.934 INFO  org.springframework.context.support.PostProcessorRegistrationDelegate$BeanPostProcessorChecker Line:376 - Bean 'sqlSessionTemplate' of type [org.mybatis.spring.SqlSessionTemplate] is not eligible for getting processed by all BeanPostProcessors (for example: not eligible for auto-proxying)
===2023-05-23 00:35:12.151 INFO  org.springframework.context.support.PostProcessorRegistrationDelegate$BeanPostProcessorChecker Line:376 - Bean 'loginMapper' of type [org.mybatis.spring.mapper.MapperFactoryBean] is not eligible for getting processed by all BeanPostProcessors (for example: not eligible for auto-proxying)
===2023-05-23 00:35:12.154 INFO  org.springframework.context.support.PostProcessorRegistrationDelegate$BeanPostProcessorChecker Line:376 - Bean 'loginMapper' of type [com.sun.proxy.$Proxy69] is not eligible for getting processed by all BeanPostProcessors (for example: not eligible for auto-proxying)
===2023-05-23 00:35:12.156 INFO  org.springframework.context.support.PostProcessorRegistrationDelegate$BeanPostProcessorChecker Line:376 - Bean 'loginServiceImpl' of type [com.exia.nocvsystem.service.LoginServiceImpl] is not eligible for getting processed by all BeanPostProcessors (for example: not eligible for auto-proxying)
===2023-05-23 00:35:12.157 INFO  org.springframework.context.support.PostProcessorRegistrationDelegate$BeanPostProcessorChecker Line:376 - Bean 'userRealm' of type [com.exia.nocvsystem.realm.UserRealm] is not eligible for getting processed by all BeanPostProcessors (for example: not eligible for auto-proxying)
===2023-05-23 00:35:12.997 INFO  org.springframework.context.support.PostProcessorRegistrationDelegate$BeanPostProcessorChecker Line:376 - Bean 'securityManager' of type [org.apache.shiro.web.mgt.DefaultWebSecurityManager] is not eligible for getting processed by all BeanPostProcessors (for example: not eligible for auto-proxying)
===2023-05-23 00:35:13.049 INFO  org.springframework.context.support.PostProcessorRegistrationDelegate$BeanPostProcessorChecker Line:376 - Bean 'authorizationAttributeSourceAdvisor' of type [org.apache.shiro.spring.security.interceptor.AuthorizationAttributeSourceAdvisor] is not eligible for getting processed by all BeanPostProcessors (for example: not eligible for auto-proxying)
===2023-05-23 00:35:13.515 INFO  org.springframework.boot.web.embedded.tomcat.TomcatWebServer Line:108 - Tomcat initialized with port(s): 8080 (http)
===2023-05-23 00:35:13.691 INFO  org.apache.coyote.http11.Http11NioProtocol Line:173 - Initializing ProtocolHandler ["http-nio-8080"]
===2023-05-23 00:35:13.692 INFO  org.apache.catalina.core.StandardService Line:173 - Starting service [Tomcat]
===2023-05-23 00:35:13.693 INFO  org.apache.catalina.core.StandardEngine Line:173 - Starting Servlet engine: [Apache Tomcat/9.0.70]
===2023-05-23 00:35:14.352 INFO  org.apache.catalina.core.ContainerBase.[Tomcat].[localhost].[/] Line:173 - Initializing Spring embedded WebApplicationContext
===2023-05-23 00:35:14.354 INFO  org.springframework.boot.web.servlet.context.ServletWebServerApplicationContext Line:292 - Root WebApplicationContext: initialization completed in 5693 ms
===2023-05-23 00:35:14.957 WARN  com.baomidou.mybatisplus.core.metadata.TableInfoHelper Line:327 - Can not find table primary key in Class: "com.exia.nocvsystem.entity.NocvGlobalData".
===2023-05-23 00:35:16.403 INFO  org.springframework.boot.autoconfigure.web.servlet.WelcomePageHandlerMapping Line:57  - Adding welcome page template: index
===2023-05-23 00:35:17.008 INFO  org.apache.coyote.http11.Http11NioProtocol Line:173 - Starting ProtocolHandler ["http-nio-8080"]
===2023-05-23 00:35:17.036 INFO  org.springframework.boot.web.embedded.tomcat.TomcatWebServer Line:220 - Tomcat started on port(s): 8080 (http) with context path ''
===2023-05-23 00:35:17.133 INFO  org.apache.catalina.core.ContainerBase.[Tomcat].[localhost].[/] Line:173 - Initializing Spring DispatcherServlet 'dispatcherServlet'
===2023-05-23 00:35:17.133 INFO  org.springframework.web.servlet.DispatcherServlet Line:525 - Initializing Servlet 'dispatcherServlet'
===2023-05-23 00:35:17.136 INFO  org.springframework.web.servlet.DispatcherServlet Line:547 - Completed initialization in 2 ms
===2023-05-23 00:35:18.429 INFO  com.zaxxer.hikari.HikariDataSource Line:110 - HikariPool-1 - Starting...
===2023-05-23 00:35:18.909 INFO  com.zaxxer.hikari.HikariDataSource Line:123 - HikariPool-1 - Start completed.
===2023-05-23 00:36:18.305 INFO  com.zaxxer.hikari.HikariDataSource Line:350 - HikariPool-1 - Shutdown initiated...
===2023-05-23 00:36:18.311 INFO  com.zaxxer.hikari.HikariDataSource Line:352 - HikariPool-1 - Shutdown completed.
===2023-05-23 00:36:33.573 INFO  org.springframework.context.support.PostProcessorRegistrationDelegate$BeanPostProcessorChecker Line:376 - Bean 'shiroConfig' of type [com.exia.nocvsystem.config.ShiroConfig$$EnhancerBySpringCGLIB$$53a600df] is not eligible for getting processed by all BeanPostProcessors (for example: not eligible for auto-proxying)
===2023-05-23 00:36:33.710 INFO  org.springframework.context.support.PostProcessorRegistrationDelegate$BeanPostProcessorChecker Line:376 - Bean 'mybatis-plus-com.baomidou.mybatisplus.autoconfigure.MybatisPlusProperties' of type [com.baomidou.mybatisplus.autoconfigure.MybatisPlusProperties] is not eligible for getting processed by all BeanPostProcessors (for example: not eligible for auto-proxying)
===2023-05-23 00:36:33.716 INFO  org.springframework.context.support.PostProcessorRegistrationDelegate$BeanPostProcessorChecker Line:376 - Bean 'mybatisPlusConfig' of type [com.exia.nocvsystem.config.MybatisPlusConfig$$EnhancerBySpringCGLIB$$2ffa48bb] is not eligible for getting processed by all BeanPostProcessors (for example: not eligible for auto-proxying)
===2023-05-23 00:36:33.732 INFO  org.springframework.context.support.PostProcessorRegistrationDelegate$BeanPostProcessorChecker Line:376 - Bean 'mybatisPlusInterceptor' of type [com.baomidou.mybatisplus.extension.plugins.MybatisPlusInterceptor] is not eligible for getting processed by all BeanPostProcessors (for example: not eligible for auto-proxying)
===2023-05-23 00:36:33.745 INFO  org.springframework.context.support.PostProcessorRegistrationDelegate$BeanPostProcessorChecker Line:376 - Bean 'com.baomidou.mybatisplus.autoconfigure.MybatisPlusAutoConfiguration' of type [com.baomidou.mybatisplus.autoconfigure.MybatisPlusAutoConfiguration$$EnhancerBySpringCGLIB$$86a73e38] is not eligible for getting processed by all BeanPostProcessors (for example: not eligible for auto-proxying)
===2023-05-23 00:36:33.747 INFO  org.springframework.context.support.PostProcessorRegistrationDelegate$BeanPostProcessorChecker Line:376 - Bean 'org.springframework.boot.autoconfigure.jdbc.DataSourceConfiguration$Hikari' of type [org.springframework.boot.autoconfigure.jdbc.DataSourceConfiguration$Hikari] is not eligible for getting processed by all BeanPostProcessors (for example: not eligible for auto-proxying)
===2023-05-23 00:36:33.766 INFO  org.springframework.context.support.PostProcessorRegistrationDelegate$BeanPostProcessorChecker Line:376 - Bean 'spring.datasource-org.springframework.boot.autoconfigure.jdbc.DataSourceProperties' of type [org.springframework.boot.autoconfigure.jdbc.DataSourceProperties] is not eligible for getting processed by all BeanPostProcessors (for example: not eligible for auto-proxying)
===2023-05-23 00:36:33.813 INFO  org.springframework.context.support.PostProcessorRegistrationDelegate$BeanPostProcessorChecker Line:376 - Bean 'dataSource' of type [com.zaxxer.hikari.HikariDataSource] is not eligible for getting processed by all BeanPostProcessors (for example: not eligible for auto-proxying)
===2023-05-23 00:36:35.260 INFO  org.springframework.context.support.PostProcessorRegistrationDelegate$BeanPostProcessorChecker Line:376 - Bean 'sqlSessionFactory' of type [org.apache.ibatis.session.defaults.DefaultSqlSessionFactory] is not eligible for getting processed by all BeanPostProcessors (for example: not eligible for auto-proxying)
===2023-05-23 00:36:35.274 INFO  org.springframework.context.support.PostProcessorRegistrationDelegate$BeanPostProcessorChecker Line:376 - Bean 'sqlSessionTemplate' of type [org.mybatis.spring.SqlSessionTemplate] is not eligible for getting processed by all BeanPostProcessors (for example: not eligible for auto-proxying)
===2023-05-23 00:36:35.614 INFO  org.springframework.context.support.PostProcessorRegistrationDelegate$BeanPostProcessorChecker Line:376 - Bean 'loginMapper' of type [org.mybatis.spring.mapper.MapperFactoryBean] is not eligible for getting processed by all BeanPostProcessors (for example: not eligible for auto-proxying)
===2023-05-23 00:36:35.618 INFO  org.springframework.context.support.PostProcessorRegistrationDelegate$BeanPostProcessorChecker Line:376 - Bean 'loginMapper' of type [com.sun.proxy.$Proxy69] is not eligible for getting processed by all BeanPostProcessors (for example: not eligible for auto-proxying)
===2023-05-23 00:36:35.621 INFO  org.springframework.context.support.PostProcessorRegistrationDelegate$BeanPostProcessorChecker Line:376 - Bean 'loginServiceImpl' of type [com.exia.nocvsystem.service.LoginServiceImpl] is not eligible for getting processed by all BeanPostProcessors (for example: not eligible for auto-proxying)
===2023-05-23 00:36:35.621 INFO  org.springframework.context.support.PostProcessorRegistrationDelegate$BeanPostProcessorChecker Line:376 - Bean 'userRealm' of type [com.exia.nocvsystem.realm.UserRealm] is not eligible for getting processed by all BeanPostProcessors (for example: not eligible for auto-proxying)
===2023-05-23 00:36:36.425 INFO  org.springframework.context.support.PostProcessorRegistrationDelegate$BeanPostProcessorChecker Line:376 - Bean 'securityManager' of type [org.apache.shiro.web.mgt.DefaultWebSecurityManager] is not eligible for getting processed by all BeanPostProcessors (for example: not eligible for auto-proxying)
===2023-05-23 00:36:36.487 INFO  org.springframework.context.support.PostProcessorRegistrationDelegate$BeanPostProcessorChecker Line:376 - Bean 'authorizationAttributeSourceAdvisor' of type [org.apache.shiro.spring.security.interceptor.AuthorizationAttributeSourceAdvisor] is not eligible for getting processed by all BeanPostProcessors (for example: not eligible for auto-proxying)
===2023-05-23 00:36:36.951 INFO  org.springframework.boot.web.embedded.tomcat.TomcatWebServer Line:108 - Tomcat initialized with port(s): 8080 (http)
===2023-05-23 00:36:37.063 INFO  org.apache.coyote.http11.Http11NioProtocol Line:173 - Initializing ProtocolHandler ["http-nio-8080"]
===2023-05-23 00:36:37.065 INFO  org.apache.catalina.core.StandardService Line:173 - Starting service [Tomcat]
===2023-05-23 00:36:37.066 INFO  org.apache.catalina.core.StandardEngine Line:173 - Starting Servlet engine: [Apache Tomcat/9.0.70]
===2023-05-23 00:36:37.595 INFO  org.apache.catalina.core.ContainerBase.[Tomcat].[localhost].[/] Line:173 - Initializing Spring embedded WebApplicationContext
===2023-05-23 00:36:37.596 INFO  org.springframework.boot.web.servlet.context.ServletWebServerApplicationContext Line:292 - Root WebApplicationContext: initialization completed in 5934 ms
===2023-05-23 00:36:38.159 WARN  com.baomidou.mybatisplus.core.metadata.TableInfoHelper Line:327 - Can not find table primary key in Class: "com.exia.nocvsystem.entity.NocvGlobalData".
===2023-05-23 00:36:39.754 INFO  org.springframework.boot.autoconfigure.web.servlet.WelcomePageHandlerMapping Line:57  - Adding welcome page template: index
===2023-05-23 00:36:40.411 INFO  org.apache.coyote.http11.Http11NioProtocol Line:173 - Starting ProtocolHandler ["http-nio-8080"]
===2023-05-23 00:36:40.444 INFO  org.springframework.boot.web.embedded.tomcat.TomcatWebServer Line:220 - Tomcat started on port(s): 8080 (http) with context path ''
===2023-05-23 00:36:43.264 INFO  org.apache.catalina.core.ContainerBase.[Tomcat].[localhost].[/] Line:173 - Initializing Spring DispatcherServlet 'dispatcherServlet'
===2023-05-23 00:36:43.265 INFO  org.springframework.web.servlet.DispatcherServlet Line:525 - Initializing Servlet 'dispatcherServlet'
===2023-05-23 00:36:43.269 INFO  org.springframework.web.servlet.DispatcherServlet Line:547 - Completed initialization in 3 ms
===2023-05-23 00:36:43.852 INFO  com.zaxxer.hikari.HikariDataSource Line:110 - HikariPool-1 - Starting...
===2023-05-23 00:36:44.248 INFO  com.zaxxer.hikari.HikariDataSource Line:123 - HikariPool-1 - Start completed.
===2023-05-23 00:37:54.187 INFO  com.zaxxer.hikari.HikariDataSource Line:350 - HikariPool-1 - Shutdown initiated...
===2023-05-23 00:37:54.201 INFO  com.zaxxer.hikari.HikariDataSource Line:352 - HikariPool-1 - Shutdown completed.
===2023-05-23 00:38:09.828 INFO  org.springframework.context.support.PostProcessorRegistrationDelegate$BeanPostProcessorChecker Line:376 - Bean 'shiroConfig' of type [com.exia.nocvsystem.config.ShiroConfig$$EnhancerBySpringCGLIB$$53a600df] is not eligible for getting processed by all BeanPostProcessors (for example: not eligible for auto-proxying)
===2023-05-23 00:38:09.892 INFO  org.springframework.context.support.PostProcessorRegistrationDelegate$BeanPostProcessorChecker Line:376 - Bean 'mybatis-plus-com.baomidou.mybatisplus.autoconfigure.MybatisPlusProperties' of type [com.baomidou.mybatisplus.autoconfigure.MybatisPlusProperties] is not eligible for getting processed by all BeanPostProcessors (for example: not eligible for auto-proxying)
===2023-05-23 00:38:09.895 INFO  org.springframework.context.support.PostProcessorRegistrationDelegate$BeanPostProcessorChecker Line:376 - Bean 'mybatisPlusConfig' of type [com.exia.nocvsystem.config.MybatisPlusConfig$$EnhancerBySpringCGLIB$$2ffa48bb] is not eligible for getting processed by all BeanPostProcessors (for example: not eligible for auto-proxying)
===2023-05-23 00:38:09.902 INFO  org.springframework.context.support.PostProcessorRegistrationDelegate$BeanPostProcessorChecker Line:376 - Bean 'mybatisPlusInterceptor' of type [com.baomidou.mybatisplus.extension.plugins.MybatisPlusInterceptor] is not eligible for getting processed by all BeanPostProcessors (for example: not eligible for auto-proxying)
===2023-05-23 00:38:09.908 INFO  org.springframework.context.support.PostProcessorRegistrationDelegate$BeanPostProcessorChecker Line:376 - Bean 'com.baomidou.mybatisplus.autoconfigure.MybatisPlusAutoConfiguration' of type [com.baomidou.mybatisplus.autoconfigure.MybatisPlusAutoConfiguration$$EnhancerBySpringCGLIB$$86a73e38] is not eligible for getting processed by all BeanPostProcessors (for example: not eligible for auto-proxying)
===2023-05-23 00:38:09.909 INFO  org.springframework.context.support.PostProcessorRegistrationDelegate$BeanPostProcessorChecker Line:376 - Bean 'org.springframework.boot.autoconfigure.jdbc.DataSourceConfiguration$Hikari' of type [org.springframework.boot.autoconfigure.jdbc.DataSourceConfiguration$Hikari] is not eligible for getting processed by all BeanPostProcessors (for example: not eligible for auto-proxying)
===2023-05-23 00:38:09.917 INFO  org.springframework.context.support.PostProcessorRegistrationDelegate$BeanPostProcessorChecker Line:376 - Bean 'spring.datasource-org.springframework.boot.autoconfigure.jdbc.DataSourceProperties' of type [org.springframework.boot.autoconfigure.jdbc.DataSourceProperties] is not eligible for getting processed by all BeanPostProcessors (for example: not eligible for auto-proxying)
===2023-05-23 00:38:09.935 INFO  org.springframework.context.support.PostProcessorRegistrationDelegate$BeanPostProcessorChecker Line:376 - Bean 'dataSource' of type [com.zaxxer.hikari.HikariDataSource] is not eligible for getting processed by all BeanPostProcessors (for example: not eligible for auto-proxying)
===2023-05-23 00:38:11.784 INFO  org.springframework.context.support.PostProcessorRegistrationDelegate$BeanPostProcessorChecker Line:376 - Bean 'sqlSessionFactory' of type [org.apache.ibatis.session.defaults.DefaultSqlSessionFactory] is not eligible for getting processed by all BeanPostProcessors (for example: not eligible for auto-proxying)
===2023-05-23 00:38:11.793 INFO  org.springframework.context.support.PostProcessorRegistrationDelegate$BeanPostProcessorChecker Line:376 - Bean 'sqlSessionTemplate' of type [org.mybatis.spring.SqlSessionTemplate] is not eligible for getting processed by all BeanPostProcessors (for example: not eligible for auto-proxying)
===2023-05-23 00:38:11.962 INFO  org.springframework.context.support.PostProcessorRegistrationDelegate$BeanPostProcessorChecker Line:376 - Bean 'loginMapper' of type [org.mybatis.spring.mapper.MapperFactoryBean] is not eligible for getting processed by all BeanPostProcessors (for example: not eligible for auto-proxying)
===2023-05-23 00:38:11.964 INFO  org.springframework.context.support.PostProcessorRegistrationDelegate$BeanPostProcessorChecker Line:376 - Bean 'loginMapper' of type [com.sun.proxy.$Proxy69] is not eligible for getting processed by all BeanPostProcessors (for example: not eligible for auto-proxying)
===2023-05-23 00:38:11.965 INFO  org.springframework.context.support.PostProcessorRegistrationDelegate$BeanPostProcessorChecker Line:376 - Bean 'loginServiceImpl' of type [com.exia.nocvsystem.service.LoginServiceImpl] is not eligible for getting processed by all BeanPostProcessors (for example: not eligible for auto-proxying)
===2023-05-23 00:38:11.965 INFO  org.springframework.context.support.PostProcessorRegistrationDelegate$BeanPostProcessorChecker Line:376 - Bean 'userRealm' of type [com.exia.nocvsystem.realm.UserRealm] is not eligible for getting processed by all BeanPostProcessors (for example: not eligible for auto-proxying)
===2023-05-23 00:38:12.683 INFO  org.springframework.context.support.PostProcessorRegistrationDelegate$BeanPostProcessorChecker Line:376 - Bean 'securityManager' of type [org.apache.shiro.web.mgt.DefaultWebSecurityManager] is not eligible for getting processed by all BeanPostProcessors (for example: not eligible for auto-proxying)
===2023-05-23 00:38:12.711 INFO  org.springframework.context.support.PostProcessorRegistrationDelegate$BeanPostProcessorChecker Line:376 - Bean 'authorizationAttributeSourceAdvisor' of type [org.apache.shiro.spring.security.interceptor.AuthorizationAttributeSourceAdvisor] is not eligible for getting processed by all BeanPostProcessors (for example: not eligible for auto-proxying)
===2023-05-23 00:38:13.131 INFO  org.springframework.boot.web.embedded.tomcat.TomcatWebServer Line:108 - Tomcat initialized with port(s): 8080 (http)
===2023-05-23 00:38:13.939 INFO  org.springframework.boot.web.servlet.context.ServletWebServerApplicationContext Line:292 - Root WebApplicationContext: initialization completed in 5548 ms
===2023-05-23 00:38:14.268 WARN  com.baomidou.mybatisplus.core.metadata.TableInfoHelper Line:327 - Can not find table primary key in Class: "com.exia.nocvsystem.entity.NocvGlobalData".
===2023-05-23 00:38:31.170 INFO  org.springframework.context.support.PostProcessorRegistrationDelegate$BeanPostProcessorChecker Line:376 - Bean 'shiroConfig' of type [com.exia.nocvsystem.config.ShiroConfig$$EnhancerBySpringCGLIB$$53a600df] is not eligible for getting processed by all BeanPostProcessors (for example: not eligible for auto-proxying)
===2023-05-23 00:38:31.272 INFO  org.springframework.context.support.PostProcessorRegistrationDelegate$BeanPostProcessorChecker Line:376 - Bean 'mybatis-plus-com.baomidou.mybatisplus.autoconfigure.MybatisPlusProperties' of type [com.baomidou.mybatisplus.autoconfigure.MybatisPlusProperties] is not eligible for getting processed by all BeanPostProcessors (for example: not eligible for auto-proxying)
===2023-05-23 00:38:31.278 INFO  org.springframework.context.support.PostProcessorRegistrationDelegate$BeanPostProcessorChecker Line:376 - Bean 'mybatisPlusConfig' of type [com.exia.nocvsystem.config.MybatisPlusConfig$$EnhancerBySpringCGLIB$$2ffa48bb] is not eligible for getting processed by all BeanPostProcessors (for example: not eligible for auto-proxying)
===2023-05-23 00:38:31.289 INFO  org.springframework.context.support.PostProcessorRegistrationDelegate$BeanPostProcessorChecker Line:376 - Bean 'mybatisPlusInterceptor' of type [com.baomidou.mybatisplus.extension.plugins.MybatisPlusInterceptor] is not eligible for getting processed by all BeanPostProcessors (for example: not eligible for auto-proxying)
===2023-05-23 00:38:31.298 INFO  org.springframework.context.support.PostProcessorRegistrationDelegate$BeanPostProcessorChecker Line:376 - Bean 'com.baomidou.mybatisplus.autoconfigure.MybatisPlusAutoConfiguration' of type [com.baomidou.mybatisplus.autoconfigure.MybatisPlusAutoConfiguration$$EnhancerBySpringCGLIB$$86a73e38] is not eligible for getting processed by all BeanPostProcessors (for example: not eligible for auto-proxying)
===2023-05-23 00:38:31.300 INFO  org.springframework.context.support.PostProcessorRegistrationDelegate$BeanPostProcessorChecker Line:376 - Bean 'org.springframework.boot.autoconfigure.jdbc.DataSourceConfiguration$Hikari' of type [org.springframework.boot.autoconfigure.jdbc.DataSourceConfiguration$Hikari] is not eligible for getting processed by all BeanPostProcessors (for example: not eligible for auto-proxying)
===2023-05-23 00:38:31.314 INFO  org.springframework.context.support.PostProcessorRegistrationDelegate$BeanPostProcessorChecker Line:376 - Bean 'spring.datasource-org.springframework.boot.autoconfigure.jdbc.DataSourceProperties' of type [org.springframework.boot.autoconfigure.jdbc.DataSourceProperties] is not eligible for getting processed by all BeanPostProcessors (for example: not eligible for auto-proxying)
===2023-05-23 00:38:31.345 INFO  org.springframework.context.support.PostProcessorRegistrationDelegate$BeanPostProcessorChecker Line:376 - Bean 'dataSource' of type [com.zaxxer.hikari.HikariDataSource] is not eligible for getting processed by all BeanPostProcessors (for example: not eligible for auto-proxying)
===2023-05-23 00:38:32.561 INFO  org.springframework.context.support.PostProcessorRegistrationDelegate$BeanPostProcessorChecker Line:376 - Bean 'sqlSessionFactory' of type [org.apache.ibatis.session.defaults.DefaultSqlSessionFactory] is not eligible for getting processed by all BeanPostProcessors (for example: not eligible for auto-proxying)
===2023-05-23 00:38:32.566 INFO  org.springframework.context.support.PostProcessorRegistrationDelegate$BeanPostProcessorChecker Line:376 - Bean 'sqlSessionTemplate' of type [org.mybatis.spring.SqlSessionTemplate] is not eligible for getting processed by all BeanPostProcessors (for example: not eligible for auto-proxying)
===2023-05-23 00:38:32.701 INFO  org.springframework.context.support.PostProcessorRegistrationDelegate$BeanPostProcessorChecker Line:376 - Bean 'loginMapper' of type [org.mybatis.spring.mapper.MapperFactoryBean] is not eligible for getting processed by all BeanPostProcessors (for example: not eligible for auto-proxying)
===2023-05-23 00:38:32.703 INFO  org.springframework.context.support.PostProcessorRegistrationDelegate$BeanPostProcessorChecker Line:376 - Bean 'loginMapper' of type [com.sun.proxy.$Proxy69] is not eligible for getting processed by all BeanPostProcessors (for example: not eligible for auto-proxying)
===2023-05-23 00:38:32.704 INFO  org.springframework.context.support.PostProcessorRegistrationDelegate$BeanPostProcessorChecker Line:376 - Bean 'loginServiceImpl' of type [com.exia.nocvsystem.service.LoginServiceImpl] is not eligible for getting processed by all BeanPostProcessors (for example: not eligible for auto-proxying)
===2023-05-23 00:38:32.705 INFO  org.springframework.context.support.PostProcessorRegistrationDelegate$BeanPostProcessorChecker Line:376 - Bean 'userRealm' of type [com.exia.nocvsystem.realm.UserRealm] is not eligible for getting processed by all BeanPostProcessors (for example: not eligible for auto-proxying)
===2023-05-23 00:38:33.516 INFO  org.springframework.context.support.PostProcessorRegistrationDelegate$BeanPostProcessorChecker Line:376 - Bean 'securityManager' of type [org.apache.shiro.web.mgt.DefaultWebSecurityManager] is not eligible for getting processed by all BeanPostProcessors (for example: not eligible for auto-proxying)
===2023-05-23 00:38:33.563 INFO  org.springframework.context.support.PostProcessorRegistrationDelegate$BeanPostProcessorChecker Line:376 - Bean 'authorizationAttributeSourceAdvisor' of type [org.apache.shiro.spring.security.interceptor.AuthorizationAttributeSourceAdvisor] is not eligible for getting processed by all BeanPostProcessors (for example: not eligible for auto-proxying)
===2023-05-23 00:38:33.908 INFO  org.springframework.boot.web.embedded.tomcat.TomcatWebServer Line:108 - Tomcat initialized with port(s): 8080 (http)
===2023-05-23 00:38:34.015 INFO  org.apache.coyote.http11.Http11NioProtocol Line:173 - Initializing ProtocolHandler ["http-nio-8080"]
===2023-05-23 00:38:34.016 INFO  org.apache.catalina.core.StandardService Line:173 - Starting service [Tomcat]
===2023-05-23 00:38:34.016 INFO  org.apache.catalina.core.StandardEngine Line:173 - Starting Servlet engine: [Apache Tomcat/9.0.70]
===2023-05-23 00:38:34.458 INFO  org.apache.catalina.core.ContainerBase.[Tomcat].[localhost].[/] Line:173 - Initializing Spring embedded WebApplicationContext
===2023-05-23 00:38:34.459 INFO  org.springframework.boot.web.servlet.context.ServletWebServerApplicationContext Line:292 - Root WebApplicationContext: initialization completed in 4653 ms
===2023-05-23 00:38:34.757 WARN  com.baomidou.mybatisplus.core.metadata.TableInfoHelper Line:327 - Can not find table primary key in Class: "com.exia.nocvsystem.entity.NocvGlobalData".
===2023-05-23 00:38:35.816 INFO  org.springframework.boot.autoconfigure.web.servlet.WelcomePageHandlerMapping Line:57  - Adding welcome page template: index
===2023-05-23 00:38:36.407 INFO  org.apache.coyote.http11.Http11NioProtocol Line:173 - Starting ProtocolHandler ["http-nio-8080"]
===2023-05-23 00:38:36.434 INFO  org.springframework.boot.web.embedded.tomcat.TomcatWebServer Line:220 - Tomcat started on port(s): 8080 (http) with context path ''
===2023-05-23 00:38:37.584 INFO  com.zaxxer.hikari.HikariDataSource Line:110 - HikariPool-1 - Starting...
===2023-05-23 00:38:37.844 INFO  com.zaxxer.hikari.HikariDataSource Line:123 - HikariPool-1 - Start completed.
===2023-05-23 00:38:48.870 INFO  org.apache.catalina.core.ContainerBase.[Tomcat].[localhost].[/] Line:173 - Initializing Spring DispatcherServlet 'dispatcherServlet'
===2023-05-23 00:38:48.870 INFO  org.springframework.web.servlet.DispatcherServlet Line:525 - Initializing Servlet 'dispatcherServlet'
===2023-05-23 00:38:48.873 INFO  org.springframework.web.servlet.DispatcherServlet Line:547 - Completed initialization in 2 ms
===2023-05-23 00:40:01.955 INFO  com.zaxxer.hikari.HikariDataSource Line:350 - HikariPool-1 - Shutdown initiated...
===2023-05-23 00:40:01.960 INFO  com.zaxxer.hikari.HikariDataSource Line:352 - HikariPool-1 - Shutdown completed.
===2023-05-23 00:40:19.414 INFO  org.springframework.context.support.PostProcessorRegistrationDelegate$BeanPostProcessorChecker Line:376 - Bean 'shiroConfig' of type [com.exia.nocvsystem.config.ShiroConfig$$EnhancerBySpringCGLIB$$53a600df] is not eligible for getting processed by all BeanPostProcessors (for example: not eligible for auto-proxying)
===2023-05-23 00:40:19.565 INFO  org.springframework.context.support.PostProcessorRegistrationDelegate$BeanPostProcessorChecker Line:376 - Bean 'mybatis-plus-com.baomidou.mybatisplus.autoconfigure.MybatisPlusProperties' of type [com.baomidou.mybatisplus.autoconfigure.MybatisPlusProperties] is not eligible for getting processed by all BeanPostProcessors (for example: not eligible for auto-proxying)
===2023-05-23 00:40:19.572 INFO  org.springframework.context.support.PostProcessorRegistrationDelegate$BeanPostProcessorChecker Line:376 - Bean 'mybatisPlusConfig' of type [com.exia.nocvsystem.config.MybatisPlusConfig$$EnhancerBySpringCGLIB$$2ffa48bb] is not eligible for getting processed by all BeanPostProcessors (for example: not eligible for auto-proxying)
===2023-05-23 00:40:19.586 INFO  org.springframework.context.support.PostProcessorRegistrationDelegate$BeanPostProcessorChecker Line:376 - Bean 'mybatisPlusInterceptor' of type [com.baomidou.mybatisplus.extension.plugins.MybatisPlusInterceptor] is not eligible for getting processed by all BeanPostProcessors (for example: not eligible for auto-proxying)
===2023-05-23 00:40:19.599 INFO  org.springframework.context.support.PostProcessorRegistrationDelegate$BeanPostProcessorChecker Line:376 - Bean 'com.baomidou.mybatisplus.autoconfigure.MybatisPlusAutoConfiguration' of type [com.baomidou.mybatisplus.autoconfigure.MybatisPlusAutoConfiguration$$EnhancerBySpringCGLIB$$86a73e38] is not eligible for getting processed by all BeanPostProcessors (for example: not eligible for auto-proxying)
===2023-05-23 00:40:19.601 INFO  org.springframework.context.support.PostProcessorRegistrationDelegate$BeanPostProcessorChecker Line:376 - Bean 'org.springframework.boot.autoconfigure.jdbc.DataSourceConfiguration$Hikari' of type [org.springframework.boot.autoconfigure.jdbc.DataSourceConfiguration$Hikari] is not eligible for getting processed by all BeanPostProcessors (for example: not eligible for auto-proxying)
===2023-05-23 00:40:19.620 INFO  org.springframework.context.support.PostProcessorRegistrationDelegate$BeanPostProcessorChecker Line:376 - Bean 'spring.datasource-org.springframework.boot.autoconfigure.jdbc.DataSourceProperties' of type [org.springframework.boot.autoconfigure.jdbc.DataSourceProperties] is not eligible for getting processed by all BeanPostProcessors (for example: not eligible for auto-proxying)
===2023-05-23 00:40:19.668 INFO  org.springframework.context.support.PostProcessorRegistrationDelegate$BeanPostProcessorChecker Line:376 - Bean 'dataSource' of type [com.zaxxer.hikari.HikariDataSource] is not eligible for getting processed by all BeanPostProcessors (for example: not eligible for auto-proxying)
===2023-05-23 00:40:20.925 INFO  org.springframework.context.support.PostProcessorRegistrationDelegate$BeanPostProcessorChecker Line:376 - Bean 'sqlSessionFactory' of type [org.apache.ibatis.session.defaults.DefaultSqlSessionFactory] is not eligible for getting processed by all BeanPostProcessors (for example: not eligible for auto-proxying)
===2023-05-23 00:40:20.929 INFO  org.springframework.context.support.PostProcessorRegistrationDelegate$BeanPostProcessorChecker Line:376 - Bean 'sqlSessionTemplate' of type [org.mybatis.spring.SqlSessionTemplate] is not eligible for getting processed by all BeanPostProcessors (for example: not eligible for auto-proxying)
===2023-05-23 00:40:21.106 INFO  org.springframework.context.support.PostProcessorRegistrationDelegate$BeanPostProcessorChecker Line:376 - Bean 'loginMapper' of type [org.mybatis.spring.mapper.MapperFactoryBean] is not eligible for getting processed by all BeanPostProcessors (for example: not eligible for auto-proxying)
===2023-05-23 00:40:21.109 INFO  org.springframework.context.support.PostProcessorRegistrationDelegate$BeanPostProcessorChecker Line:376 - Bean 'loginMapper' of type [com.sun.proxy.$Proxy69] is not eligible for getting processed by all BeanPostProcessors (for example: not eligible for auto-proxying)
===2023-05-23 00:40:21.111 INFO  org.springframework.context.support.PostProcessorRegistrationDelegate$BeanPostProcessorChecker Line:376 - Bean 'loginServiceImpl' of type [com.exia.nocvsystem.service.LoginServiceImpl] is not eligible for getting processed by all BeanPostProcessors (for example: not eligible for auto-proxying)
===2023-05-23 00:40:21.112 INFO  org.springframework.context.support.PostProcessorRegistrationDelegate$BeanPostProcessorChecker Line:376 - Bean 'userRealm' of type [com.exia.nocvsystem.realm.UserRealm] is not eligible for getting processed by all BeanPostProcessors (for example: not eligible for auto-proxying)
===2023-05-23 00:40:21.853 INFO  org.springframework.context.support.PostProcessorRegistrationDelegate$BeanPostProcessorChecker Line:376 - Bean 'securityManager' of type [org.apache.shiro.web.mgt.DefaultWebSecurityManager] is not eligible for getting processed by all BeanPostProcessors (for example: not eligible for auto-proxying)
===2023-05-23 00:40:21.910 INFO  org.springframework.context.support.PostProcessorRegistrationDelegate$BeanPostProcessorChecker Line:376 - Bean 'authorizationAttributeSourceAdvisor' of type [org.apache.shiro.spring.security.interceptor.AuthorizationAttributeSourceAdvisor] is not eligible for getting processed by all BeanPostProcessors (for example: not eligible for auto-proxying)
===2023-05-23 00:40:22.339 INFO  org.springframework.boot.web.embedded.tomcat.TomcatWebServer Line:108 - Tomcat initialized with port(s): 8080 (http)
===2023-05-23 00:40:22.460 INFO  org.apache.coyote.http11.Http11NioProtocol Line:173 - Initializing ProtocolHandler ["http-nio-8080"]
===2023-05-23 00:40:22.461 INFO  org.apache.catalina.core.StandardService Line:173 - Starting service [Tomcat]
===2023-05-23 00:40:22.462 INFO  org.apache.catalina.core.StandardEngine Line:173 - Starting Servlet engine: [Apache Tomcat/9.0.70]
===2023-05-23 00:40:22.934 INFO  org.apache.catalina.core.ContainerBase.[Tomcat].[localhost].[/] Line:173 - Initializing Spring embedded WebApplicationContext
===2023-05-23 00:40:22.934 INFO  org.springframework.boot.web.servlet.context.ServletWebServerApplicationContext Line:292 - Root WebApplicationContext: initialization completed in 5403 ms
===2023-05-23 00:40:23.396 WARN  com.baomidou.mybatisplus.core.metadata.TableInfoHelper Line:327 - Can not find table primary key in Class: "com.exia.nocvsystem.entity.NocvGlobalData".
===2023-05-23 00:40:24.671 INFO  org.springframework.boot.autoconfigure.web.servlet.WelcomePageHandlerMapping Line:57  - Adding welcome page template: index
===2023-05-23 00:40:26.648 INFO  org.apache.coyote.http11.Http11NioProtocol Line:173 - Starting ProtocolHandler ["http-nio-8080"]
===2023-05-23 00:40:26.678 INFO  org.springframework.boot.web.embedded.tomcat.TomcatWebServer Line:220 - Tomcat started on port(s): 8080 (http) with context path ''
===2023-05-23 00:40:26.883 INFO  org.apache.catalina.core.ContainerBase.[Tomcat].[localhost].[/] Line:173 - Initializing Spring DispatcherServlet 'dispatcherServlet'
===2023-05-23 00:40:26.884 INFO  org.springframework.web.servlet.DispatcherServlet Line:525 - Initializing Servlet 'dispatcherServlet'
===2023-05-23 00:40:26.887 INFO  org.springframework.web.servlet.DispatcherServlet Line:547 - Completed initialization in 3 ms
===2023-05-23 00:40:28.178 INFO  com.zaxxer.hikari.HikariDataSource Line:110 - HikariPool-1 - Starting...
===2023-05-23 00:40:29.001 INFO  com.zaxxer.hikari.HikariDataSource Line:123 - HikariPool-1 - Start completed.
===2023-05-23 00:44:32.382 INFO  com.zaxxer.hikari.HikariDataSource Line:350 - HikariPool-1 - Shutdown initiated...
===2023-05-23 00:44:32.389 INFO  com.zaxxer.hikari.HikariDataSource Line:352 - HikariPool-1 - Shutdown completed.
