===2023-05-21 00:36:39.373 INFO  com.exia.nocvsystem.NocvSystemApplication Line:55  - Starting NocvSystemApplication using Java 1.8.0_152 on LAPTOP-1RF0I43H with PID 21552 (E:\JAVA\NocvSystem\target\classes started by exia in E:\JAVA\NocvSystem)
===2023-05-21 00:36:39.384 INFO  com.exia.nocvsystem.NocvSystemApplication Line:631 - No active profile set, falling back to 1 default profile: "default"
===2023-05-21 00:36:40.592 INFO  org.springframework.context.support.PostProcessorRegistrationDelegate$BeanPostProcessorChecker Line:376 - Bean 'shiroConfig' of type [com.exia.nocvsystem.config.ShiroConfig$$EnhancerBySpringCGLIB$$88df96dc] is not eligible for getting processed by all BeanPostProcessors (for example: not eligible for auto-proxying)
===2023-05-21 00:36:40.660 INFO  org.springframework.context.support.PostProcessorRegistrationDelegate$BeanPostProcessorChecker Line:376 - Bean 'mybatis-plus-com.baomidou.mybatisplus.autoconfigure.MybatisPlusProperties' of type [com.baomidou.mybatisplus.autoconfigure.MybatisPlusProperties] is not eligible for getting processed by all BeanPostProcessors (for example: not eligible for auto-proxying)
===2023-05-21 00:36:40.664 INFO  org.springframework.context.support.PostProcessorRegistrationDelegate$BeanPostProcessorChecker Line:376 - Bean 'mybatisPlusConfig' of type [com.exia.nocvsystem.config.MybatisPlusConfig$$EnhancerBySpringCGLIB$$6533deb8] is not eligible for getting processed by all BeanPostProcessors (for example: not eligible for auto-proxying)
===2023-05-21 00:36:40.672 INFO  org.springframework.context.support.PostProcessorRegistrationDelegate$BeanPostProcessorChecker Line:376 - Bean 'mybatisPlusInterceptor' of type [com.baomidou.mybatisplus.extension.plugins.MybatisPlusInterceptor] is not eligible for getting processed by all BeanPostProcessors (for example: not eligible for auto-proxying)
===2023-05-21 00:36:40.678 INFO  org.springframework.context.support.PostProcessorRegistrationDelegate$BeanPostProcessorChecker Line:376 - Bean 'com.baomidou.mybatisplus.autoconfigure.MybatisPlusAutoConfiguration' of type [com.baomidou.mybatisplus.autoconfigure.MybatisPlusAutoConfiguration$$EnhancerBySpringCGLIB$$bbe0d435] is not eligible for getting processed by all BeanPostProcessors (for example: not eligible for auto-proxying)
===2023-05-21 00:36:40.680 INFO  org.springframework.context.support.PostProcessorRegistrationDelegate$BeanPostProcessorChecker Line:376 - Bean 'org.springframework.boot.autoconfigure.jdbc.DataSourceConfiguration$Hikari' of type [org.springframework.boot.autoconfigure.jdbc.DataSourceConfiguration$Hikari] is not eligible for getting processed by all BeanPostProcessors (for example: not eligible for auto-proxying)
===2023-05-21 00:36:40.696 INFO  org.springframework.context.support.PostProcessorRegistrationDelegate$BeanPostProcessorChecker Line:376 - Bean 'spring.datasource-org.springframework.boot.autoconfigure.jdbc.DataSourceProperties' of type [org.springframework.boot.autoconfigure.jdbc.DataSourceProperties] is not eligible for getting processed by all BeanPostProcessors (for example: not eligible for auto-proxying)
===2023-05-21 00:36:40.729 INFO  org.springframework.context.support.PostProcessorRegistrationDelegate$BeanPostProcessorChecker Line:376 - Bean 'dataSource' of type [com.zaxxer.hikari.HikariDataSource] is not eligible for getting processed by all BeanPostProcessors (for example: not eligible for auto-proxying)
===2023-05-21 00:36:41.542 INFO  org.springframework.context.support.PostProcessorRegistrationDelegate$BeanPostProcessorChecker Line:376 - Bean 'sqlSessionFactory' of type [org.apache.ibatis.session.defaults.DefaultSqlSessionFactory] is not eligible for getting processed by all BeanPostProcessors (for example: not eligible for auto-proxying)
===2023-05-21 00:36:41.547 INFO  org.springframework.context.support.PostProcessorRegistrationDelegate$BeanPostProcessorChecker Line:376 - Bean 'sqlSessionTemplate' of type [org.mybatis.spring.SqlSessionTemplate] is not eligible for getting processed by all BeanPostProcessors (for example: not eligible for auto-proxying)
===2023-05-21 00:36:41.819 INFO  org.springframework.context.support.PostProcessorRegistrationDelegate$BeanPostProcessorChecker Line:376 - Bean 'loginMapper' of type [org.mybatis.spring.mapper.MapperFactoryBean] is not eligible for getting processed by all BeanPostProcessors (for example: not eligible for auto-proxying)
===2023-05-21 00:36:41.823 INFO  org.springframework.context.support.PostProcessorRegistrationDelegate$BeanPostProcessorChecker Line:376 - Bean 'loginMapper' of type [com.sun.proxy.$Proxy69] is not eligible for getting processed by all BeanPostProcessors (for example: not eligible for auto-proxying)
===2023-05-21 00:36:41.824 INFO  org.springframework.context.support.PostProcessorRegistrationDelegate$BeanPostProcessorChecker Line:376 - Bean 'loginServiceImpl' of type [com.exia.nocvsystem.service.LoginServiceImpl] is not eligible for getting processed by all BeanPostProcessors (for example: not eligible for auto-proxying)
===2023-05-21 00:36:41.825 INFO  org.springframework.context.support.PostProcessorRegistrationDelegate$BeanPostProcessorChecker Line:376 - Bean 'userRealm' of type [com.exia.nocvsystem.realm.UserRealm] is not eligible for getting processed by all BeanPostProcessors (for example: not eligible for auto-proxying)
===2023-05-21 00:36:42.581 INFO  org.springframework.context.support.PostProcessorRegistrationDelegate$BeanPostProcessorChecker Line:376 - Bean 'securityManager' of type [org.apache.shiro.web.mgt.DefaultWebSecurityManager] is not eligible for getting processed by all BeanPostProcessors (for example: not eligible for auto-proxying)
===2023-05-21 00:36:42.630 INFO  org.springframework.context.support.PostProcessorRegistrationDelegate$BeanPostProcessorChecker Line:376 - Bean 'authorizationAttributeSourceAdvisor' of type [org.apache.shiro.spring.security.interceptor.AuthorizationAttributeSourceAdvisor] is not eligible for getting processed by all BeanPostProcessors (for example: not eligible for auto-proxying)
===2023-05-21 00:36:42.887 INFO  org.springframework.boot.web.embedded.tomcat.TomcatWebServer Line:108 - Tomcat initialized with port(s): 8080 (http)
===2023-05-21 00:36:42.958 INFO  org.apache.coyote.http11.Http11NioProtocol Line:173 - Initializing ProtocolHandler ["http-nio-8080"]
===2023-05-21 00:36:42.959 INFO  org.apache.catalina.core.StandardService Line:173 - Starting service [Tomcat]
===2023-05-21 00:36:42.959 INFO  org.apache.catalina.core.StandardEngine Line:173 - Starting Servlet engine: [Apache Tomcat/9.0.70]
===2023-05-21 00:36:43.333 INFO  org.apache.catalina.core.ContainerBase.[Tomcat].[localhost].[/] Line:173 - Initializing Spring embedded WebApplicationContext
===2023-05-21 00:36:43.333 INFO  org.springframework.boot.web.servlet.context.ServletWebServerApplicationContext Line:292 - Root WebApplicationContext: initialization completed in 3872 ms
===2023-05-21 00:36:43.644 WARN  com.baomidou.mybatisplus.core.metadata.TableInfoHelper Line:327 - Can not find table primary key in Class: "com.exia.nocvsystem.entity.NocvGlobalData".
===2023-05-21 00:36:44.948 INFO  org.springframework.boot.autoconfigure.web.servlet.WelcomePageHandlerMapping Line:57  - Adding welcome page template: index
===2023-05-21 00:36:45.474 INFO  org.apache.coyote.http11.Http11NioProtocol Line:173 - Starting ProtocolHandler ["http-nio-8080"]
===2023-05-21 00:36:45.504 INFO  org.springframework.boot.web.embedded.tomcat.TomcatWebServer Line:220 - Tomcat started on port(s): 8080 (http) with context path ''
===2023-05-21 00:36:45.527 INFO  com.exia.nocvsystem.NocvSystemApplication Line:61  - Started NocvSystemApplication in 7.062 seconds (JVM running for 8.586)
